<?xml version="1.0" encoding="UTF-8"?>
<coverage generated="1782732405535" clover="3.2.0">
  <project timestamp="1782732405535" name="All files">
    <metrics statements="662" coveredstatements="425" conditionals="444" coveredconditionals="212" methods="152" coveredmethods="90" elements="1258" coveredelements="727" complexity="0" loc="662" ncloc="662" packages="4" files="23" classes="23"/>
    <package name="api">
      <metrics statements="75" coveredstatements="42" conditionals="40" coveredconditionals="20" methods="22" coveredmethods="11"/>
      <file name="client.js" path="C:\Users\Jack\Documents\git\daboyz-calender\public\src\api\client.js">
        <metrics statements="32" coveredstatements="32" conditionals="16" coveredconditionals="15" methods="11" coveredmethods="9"/>
        <line num="6" count="1" type="stmt"/>
        <line num="7" count="1" type="stmt"/>
        <line num="8" count="1" type="stmt"/>
        <line num="12" count="1" type="stmt"/>
        <line num="19" count="12" type="stmt"/>
        <line num="20" count="12" type="stmt"/>
        <line num="21" count="12" type="stmt"/>
        <line num="23" count="12" type="stmt"/>
        <line num="24" count="12" type="stmt"/>
        <line num="35" count="11" type="stmt"/>
        <line num="37" count="11" type="cond" truecount="2" falsecount="0"/>
        <line num="38" count="1" type="stmt"/>
        <line num="39" count="1" type="cond" truecount="1" falsecount="1"/>
        <line num="40" count="1" type="stmt"/>
        <line num="41" count="1" type="stmt"/>
        <line num="42" count="1" type="stmt"/>
        <line num="46" count="10" type="cond" truecount="2" falsecount="0"/>
        <line num="47" count="2" type="stmt"/>
        <line num="50" count="8" type="stmt"/>
        <line num="52" count="2" type="stmt"/>
        <line num="55" count="2" type="cond" truecount="2" falsecount="0"/>
        <line num="59" count="1" type="stmt"/>
        <line num="60" count="1" type="stmt"/>
        <line num="62" count="1" type="stmt"/>
        <line num="65" count="1" type="stmt"/>
        <line num="71" count="2" type="stmt"/>
        <line num="75" count="2" type="stmt"/>
        <line num="82" count="3" type="stmt"/>
        <line num="86" count="1" type="stmt"/>
        <line num="92" count="2" type="stmt"/>
        <line num="97" count="1" type="stmt"/>
        <line num="102" count="1" type="stmt"/>
      </file>
      <file name="mock.js" path="C:\Users\Jack\Documents\git\daboyz-calender\public\src\api\mock.js">
        <metrics statements="43" coveredstatements="10" conditionals="24" coveredconditionals="5" methods="11" coveredmethods="2"/>
        <line num="6" count="2" type="stmt"/>
        <line num="13" count="4" type="cond" truecount="2" falsecount="0"/>
        <line num="14" count="3" type="stmt"/>
        <line num="16" count="4" type="cond" truecount="2" falsecount="0"/>
        <line num="17" count="3" type="stmt"/>
        <line num="21" count="2" type="stmt"/>
        <line num="24" count="4" type="stmt"/>
        <line num="25" count="4" type="stmt"/>
        <line num="28" count="4" type="stmt"/>
        <line num="29" count="4" type="stmt"/>
        <line num="33" count="0" type="stmt"/>
        <line num="34" count="0" type="stmt"/>
        <line num="39" count="0" type="stmt"/>
        <line num="40" count="0" type="cond" truecount="0" falsecount="3"/>
        <line num="43" count="0" type="cond" truecount="0" falsecount="2"/>
        <line num="45" count="0" type="stmt"/>
        <line num="46" count="0" type="stmt"/>
        <line num="47" count="0" type="stmt"/>
        <line num="50" count="0" type="stmt"/>
        <line num="51" count="0" type="stmt"/>
        <line num="59" count="0" type="stmt"/>
        <line num="60" count="0" type="stmt"/>
        <line num="61" count="0" type="stmt"/>
        <line num="66" count="0" type="stmt"/>
        <line num="67" count="0" type="stmt"/>
        <line num="72" count="0" type="stmt"/>
        <line num="73" count="0" type="cond" truecount="0" falsecount="3"/>
        <line num="76" count="0" type="cond" truecount="0" falsecount="2"/>
        <line num="77" count="0" type="stmt"/>
        <line num="78" count="0" type="stmt"/>
        <line num="79" count="0" type="stmt"/>
        <line num="81" count="0" type="stmt"/>
        <line num="85" count="0" type="stmt"/>
        <line num="86" count="0" type="stmt"/>
        <line num="91" count="0" type="stmt"/>
        <line num="92" count="0" type="stmt"/>
        <line num="93" count="0" type="stmt"/>
        <line num="95" count="0" type="stmt"/>
        <line num="96" count="0" type="cond" truecount="0" falsecount="2"/>
        <line num="97" count="0" type="stmt"/>
        <line num="101" count="0" type="stmt"/>
        <line num="102" count="0" type="stmt"/>
        <line num="106" count="0" type="stmt"/>
      </file>
    </package>
    <package name="components">
      <metrics statements="195" coveredstatements="59" conditionals="203" coveredconditionals="47" methods="55" coveredmethods="13"/>
      <file name="AvailabilityBadge.jsx" path="C:\Users\Jack\Documents\git\daboyz-calender\public\src\components\AvailabilityBadge.jsx">
        <metrics statements="16" coveredstatements="0" conditionals="28" coveredconditionals="0" methods="5" coveredmethods="0"/>
        <line num="10" count="0" type="stmt"/>
        <line num="12" count="0" type="cond" truecount="0" falsecount="4"/>
        <line num="13" count="0" type="stmt"/>
        <line num="16" count="0" type="stmt"/>
        <line num="17" count="0" type="stmt"/>
        <line num="19" count="0" type="stmt"/>
        <line num="20" count="0" type="cond" truecount="0" falsecount="2"/>
        <line num="21" count="0" type="stmt"/>
        <line num="25" count="0" type="stmt"/>
        <line num="31" count="0" type="cond" truecount="0" falsecount="5"/>
        <line num="32" count="0" type="stmt"/>
        <line num="33" count="0" type="stmt"/>
        <line num="45" count="0" type="stmt"/>
        <line num="50" count="0" type="stmt"/>
        <line num="54" count="0" type="stmt"/>
        <line num="55" count="0" type="stmt"/>
      </file>
      <file name="AvailabilityModal.jsx" path="C:\Users\Jack\Documents\git\daboyz-calender\public\src\components\AvailabilityModal.jsx">
        <metrics statements="17" coveredstatements="0" conditionals="41" coveredconditionals="0" methods="5" coveredmethods="0"/>
        <line num="30" count="0" type="stmt"/>
        <line num="31" count="0" type="stmt"/>
        <line num="32" count="0" type="stmt"/>
        <line num="35" count="0" type="cond" truecount="0" falsecount="2"/>
        <line num="38" count="0" type="stmt"/>
        <line num="39" count="0" type="cond" truecount="0" falsecount="5"/>
        <line num="41" count="0" type="stmt"/>
        <line num="42" count="0" type="stmt"/>
        <line num="48" count="0" type="cond" truecount="0" falsecount="4"/>
        <line num="49" count="0" type="stmt"/>
        <line num="53" count="0" type="stmt"/>
        <line num="59" count="0" type="cond" truecount="0" falsecount="2"/>
        <line num="60" count="0" type="stmt"/>
        <line num="86" count="0" type="stmt"/>
        <line num="109" count="0" type="stmt"/>
        <line num="171" count="0" type="stmt"/>
        <line num="195" count="0" type="stmt"/>
      </file>
      <file name="CalendarGrid.jsx" path="C:\Users\Jack\Documents\git\daboyz-calender\public\src\components\CalendarGrid.jsx">
        <metrics statements="42" coveredstatements="0" conditionals="37" coveredconditionals="0" methods="17" coveredmethods="0"/>
        <line num="6" count="0" type="stmt"/>
        <line num="10" count="0" type="stmt"/>
        <line num="14" count="0" type="stmt"/>
        <line num="25" count="0" type="stmt"/>
        <line num="32" count="0" type="stmt"/>
        <line num="33" count="0" type="stmt"/>
        <line num="41" count="0" type="stmt"/>
        <line num="42" count="0" type="stmt"/>
        <line num="49" count="0" type="stmt"/>
        <line num="50" count="0" type="stmt"/>
        <line num="51" count="0" type="stmt"/>
        <line num="52" count="0" type="stmt"/>
        <line num="55" count="0" type="stmt"/>
        <line num="56" count="0" type="stmt"/>
        <line num="60" count="0" type="stmt"/>
        <line num="61" count="0" type="stmt"/>
        <line num="66" count="0" type="stmt"/>
        <line num="69" count="0" type="stmt"/>
        <line num="72" count="0" type="stmt"/>
        <line num="73" count="0" type="cond" truecount="0" falsecount="2"/>
        <line num="75" count="0" type="stmt"/>
        <line num="76" count="0" type="stmt"/>
        <line num="79" count="0" type="stmt"/>
        <line num="80" count="0" type="cond" truecount="0" falsecount="4"/>
        <line num="82" count="0" type="stmt"/>
        <line num="83" count="0" type="stmt"/>
        <line num="86" count="0" type="stmt"/>
        <line num="87" count="0" type="cond" truecount="0" falsecount="2"/>
        <line num="88" count="0" type="stmt"/>
        <line num="89" count="0" type="stmt"/>
        <line num="92" count="0" type="stmt"/>
        <line num="94" count="0" type="stmt"/>
        <line num="99" count="0" type="stmt"/>
        <line num="111" count="0" type="cond" truecount="0" falsecount="2"/>
        <line num="113" count="0" type="cond" truecount="0" falsecount="2"/>
        <line num="115" count="0" type="cond" truecount="0" falsecount="2"/>
        <line num="117" count="0" type="cond" truecount="0" falsecount="3"/>
        <line num="121" count="0" type="cond" truecount="0" falsecount="2"/>
        <line num="125" count="0" type="stmt"/>
        <line num="134" count="0" type="stmt"/>
        <line num="153" count="0" type="stmt"/>
        <line num="156" count="0" type="stmt"/>
      </file>
      <file name="DarkModeToggle.jsx" path="C:\Users\Jack\Documents\git\daboyz-calender\public\src\components\DarkModeToggle.jsx">
        <metrics statements="2" coveredstatements="0" conditionals="9" coveredconditionals="0" methods="2" coveredmethods="0"/>
        <line num="14" count="0" type="stmt"/>
        <line num="16" count="0" type="stmt"/>
      </file>
      <file name="DeletePersonaModal.jsx" path="C:\Users\Jack\Documents\git\daboyz-calender\public\src\components\DeletePersonaModal.jsx">
        <metrics statements="20" coveredstatements="16" conditionals="24" coveredconditionals="18" methods="6" coveredmethods="5"/>
        <line num="18" count="1" type="stmt"/>
        <line num="28" count="11" type="stmt"/>
        <line num="31" count="11" type="stmt"/>
        <line num="32" count="7" type="stmt"/>
        <line num="35" count="11" type="cond" truecount="2" falsecount="0"/>
        <line num="36" count="2" type="stmt"/>
        <line num="39" count="9" type="stmt"/>
        <line num="40" count="1" type="cond" truecount="1" falsecount="1"/>
        <line num="41" count="1" type="stmt"/>
        <line num="45" count="9" type="stmt"/>
        <line num="46" count="1" type="stmt"/>
        <line num="47" count="1" type="cond" truecount="1" falsecount="1"/>
        <line num="48" count="1" type="stmt"/>
        <line num="52" count="9" type="stmt"/>
        <line num="53" count="0" type="cond" truecount="0" falsecount="2"/>
        <line num="54" count="0" type="stmt"/>
        <line num="55" count="0" type="cond" truecount="0" falsecount="2"/>
        <line num="56" count="0" type="stmt"/>
        <line num="60" count="9" type="stmt"/>
        <line num="68" count="2" type="stmt"/>
      </file>
      <file name="EmptyState.jsx" path="C:\Users\Jack\Documents\git\daboyz-calender\public\src\components\EmptyState.jsx">
        <metrics statements="2" coveredstatements="0" conditionals="0" coveredconditionals="0" methods="1" coveredmethods="0"/>
        <line num="7" count="0" type="stmt"/>
        <line num="8" count="0" type="stmt"/>
      </file>
      <file name="MonthNavigation.jsx" path="C:\Users\Jack\Documents\git\daboyz-calender\public\src\components\MonthNavigation.jsx">
        <metrics statements="3" coveredstatements="0" conditionals="0" coveredconditionals="0" methods="2" coveredmethods="0"/>
        <line num="4" count="0" type="stmt"/>
        <line num="12" count="0" type="stmt"/>
        <line num="14" count="0" type="stmt"/>
      </file>
      <file name="OfflineWarning.jsx" path="C:\Users\Jack\Documents\git\daboyz-calender\public\src\components\OfflineWarning.jsx">
        <metrics statements="3" coveredstatements="3" conditionals="2" coveredconditionals="2" methods="1" coveredmethods="1"/>
        <line num="12" count="5" type="cond" truecount="2" falsecount="0"/>
        <line num="13" count="1" type="stmt"/>
        <line num="16" count="4" type="stmt"/>
      </file>
      <file name="PersonaOnboarding.jsx" path="C:\Users\Jack\Documents\git\daboyz-calender\public\src\components\PersonaOnboarding.jsx">
        <metrics statements="83" coveredstatements="40" conditionals="60" coveredconditionals="27" methods="11" coveredmethods="7"/>
        <line num="20" count="18" type="stmt"/>
        <line num="21" count="18" type="stmt"/>
        <line num="22" count="18" type="stmt"/>
        <line num="23" count="18" type="stmt"/>
        <line num="24" count="18" type="stmt"/>
        <line num="25" count="18" type="stmt"/>
        <line num="26" count="18" type="stmt"/>
        <line num="27" count="18" type="stmt"/>
        <line num="28" count="18" type="stmt"/>
        <line num="30" count="18" type="stmt"/>
        <line num="33" count="18" type="stmt"/>
        <line num="34" count="8" type="stmt"/>
        <line num="35" count="8" type="stmt"/>
        <line num="36" count="8" type="stmt"/>
        <line num="37" count="8" type="stmt"/>
        <line num="39" count="8" type="cond" truecount="1" falsecount="1"/>
        <line num="40" count="0" type="stmt"/>
        <line num="43" count="8" type="stmt"/>
        <line num="44" count="8" type="cond" truecount="1" falsecount="1"/>
        <line num="45" count="8" type="stmt"/>
        <line num="47" count="0" type="stmt"/>
        <line num="48" count="0" type="stmt"/>
        <line num="49" count="0" type="stmt"/>
        <line num="51" count="8" type="stmt"/>
        <line num="55" count="8" type="stmt"/>
        <line num="59" count="18" type="stmt"/>
        <line num="61" count="0" type="stmt"/>
        <line num="64" count="0" type="stmt"/>
        <line num="65" count="0" type="stmt"/>
        <line num="66" count="0" type="stmt"/>
        <line num="69" count="0" type="cond" truecount="0" falsecount="4"/>
        <line num="70" count="0" type="stmt"/>
        <line num="71" count="0" type="stmt"/>
        <line num="72" count="0" type="stmt"/>
        <line num="75" count="0" type="cond" truecount="0" falsecount="2"/>
        <line num="76" count="0" type="stmt"/>
        <line num="77" count="0" type="stmt"/>
        <line num="78" count="0" type="stmt"/>
        <line num="81" count="0" type="cond" truecount="0" falsecount="2"/>
        <line num="82" count="0" type="stmt"/>
        <line num="83" count="0" type="stmt"/>
        <line num="84" count="0" type="stmt"/>
        <line num="88" count="0" type="cond" truecount="0" falsecount="2"/>
        <line num="89" count="0" type="stmt"/>
        <line num="90" count="0" type="stmt"/>
        <line num="91" count="0" type="stmt"/>
        <line num="95" count="0" type="stmt"/>
        <line num="100" count="0" type="cond" truecount="0" falsecount="2"/>
        <line num="101" count="0" type="stmt"/>
        <line num="104" count="0" type="stmt"/>
        <line num="110" count="18" type="stmt"/>
        <line num="111" count="4" type="stmt"/>
        <line num="112" count="4" type="stmt"/>
        <line num="115" count="4" type="cond" truecount="1" falsecount="1"/>
        <line num="116" count="0" type="stmt"/>
        <line num="120" count="4" type="stmt"/>
        <line num="121" count="0" type="stmt"/>
        <line num="125" count="18" type="stmt"/>
        <line num="126" count="1" type="stmt"/>
        <line num="127" count="1" type="stmt"/>
        <line num="130" count="1" type="cond" truecount="1" falsecount="1"/>
        <line num="131" count="0" type="stmt"/>
        <line num="135" count="1" type="stmt"/>
        <line num="136" count="0" type="stmt"/>
        <line num="140" count="18" type="stmt"/>
        <line num="141" count="0" type="stmt"/>
        <line num="144" count="0" type="stmt"/>
        <line num="150" count="0" type="cond" truecount="0" falsecount="2"/>
        <line num="151" count="0" type="stmt"/>
        <line num="152" count="0" type="stmt"/>
        <line num="156" count="0" type="stmt"/>
        <line num="162" count="0" type="stmt"/>
        <line num="163" count="0" type="stmt"/>
        <line num="164" count="0" type="stmt"/>
        <line num="165" count="0" type="stmt"/>
        <line num="166" count="0" type="stmt"/>
        <line num="173" count="18" type="cond" truecount="3" falsecount="0"/>
        <line num="174" count="18" type="cond" truecount="3" falsecount="0"/>
        <line num="177" count="18" type="stmt"/>
        <line num="178" count="8" type="stmt"/>
        <line num="179" count="8" type="cond" truecount="2" falsecount="0"/>
        <line num="180" count="5" type="stmt"/>
        <line num="185" count="18" type="stmt"/>
      </file>
      <file name="UserLegend.jsx" path="C:\Users\Jack\Documents\git\daboyz-calender\public\src\components\UserLegend.jsx">
        <metrics statements="4" coveredstatements="0" conditionals="2" coveredconditionals="0" methods="2" coveredmethods="0"/>
        <line num="4" count="0" type="cond" truecount="0" falsecount="2"/>
        <line num="5" count="0" type="stmt"/>
        <line num="8" count="0" type="stmt"/>
        <line num="13" count="0" type="stmt"/>
      </file>
      <file name="UserSelector.jsx" path="C:\Users\Jack\Documents\git\daboyz-calender\public\src\components\UserSelector.jsx">
        <metrics statements="3" coveredstatements="0" conditionals="0" coveredconditionals="0" methods="3" coveredmethods="0"/>
        <line num="4" count="0" type="stmt"/>
        <line num="15" count="0" type="stmt"/>
        <line num="21" count="0" type="stmt"/>
      </file>
    </package>
    <package name="hooks">
      <metrics statements="294" coveredstatements="228" conditionals="114" coveredconditionals="70" methods="56" coveredmethods="48"/>
      <file name="useAvailability.js" path="C:\Users\Jack\Documents\git\daboyz-calender\public\src\hooks\useAvailability.js">
        <metrics statements="146" coveredstatements="99" conditionals="57" coveredconditionals="29" methods="23" coveredmethods="17"/>
        <line num="5" count="3" type="stmt"/>
        <line num="6" count="3" type="stmt"/>
        <line num="7" count="3" type="stmt"/>
        <line num="8" count="3" type="stmt"/>
        <line num="9" count="3" type="stmt"/>
        <line num="16" count="46" type="stmt"/>
        <line num="18" count="46" type="stmt"/>
        <line num="19" count="6" type="stmt"/>
        <line num="21" count="4" type="cond" truecount="3" falsecount="0"/>
        <line num="26" count="6" type="cond" truecount="1" falsecount="1"/>
        <line num="32" count="0" type="stmt"/>
        <line num="43" count="46" type="stmt"/>
        <line num="50" count="46" type="stmt"/>
        <line num="51" count="46" type="stmt"/>
        <line num="53" count="46" type="stmt"/>
        <line num="54" count="46" type="stmt"/>
        <line num="58" count="38" type="stmt"/>
        <line num="59" count="38" type="stmt"/>
        <line num="61" count="8" type="stmt"/>
        <line num="62" count="8" type="stmt"/>
        <line num="96" count="66" type="stmt"/>
        <line num="97" count="66" type="stmt"/>
        <line num="98" count="66" type="stmt"/>
        <line num="99" count="66" type="stmt"/>
        <line num="100" count="66" type="stmt"/>
        <line num="101" count="66" type="stmt"/>
        <line num="102" count="66" type="stmt"/>
        <line num="106" count="66" type="stmt"/>
        <line num="107" count="66" type="stmt"/>
        <line num="108" count="66" type="stmt"/>
        <line num="109" count="66" type="stmt"/>
        <line num="110" count="66" type="stmt"/>
        <line num="111" count="66" type="stmt"/>
        <line num="114" count="66" type="stmt"/>
        <line num="116" count="66" type="stmt"/>
        <line num="117" count="46" type="cond" truecount="1" falsecount="1"/>
        <line num="119" count="46" type="stmt"/>
        <line num="120" count="46" type="stmt"/>
        <line num="121" count="46" type="stmt"/>
        <line num="122" count="46" type="stmt"/>
        <line num="125" count="46" type="stmt"/>
        <line num="126" count="46" type="stmt"/>
        <line num="129" count="38" type="cond" truecount="2" falsecount="0"/>
        <line num="130" count="1" type="stmt"/>
        <line num="132" count="37" type="stmt"/>
        <line num="133" count="37" type="stmt"/>
        <line num="135" count="9" type="stmt"/>
        <line num="139" count="9" type="stmt"/>
        <line num="140" count="9" type="stmt"/>
        <line num="144" count="46" type="stmt"/>
        <line num="148" count="46" type="cond" truecount="1" falsecount="1"/>
        <line num="149" count="0" type="stmt"/>
        <line num="152" count="46" type="cond" truecount="1" falsecount="1"/>
        <line num="153" count="46" type="cond" truecount="1" falsecount="1"/>
        <line num="154" count="46" type="stmt"/>
        <line num="156" count="0" type="stmt"/>
        <line num="157" count="0" type="stmt"/>
        <line num="159" count="46" type="stmt"/>
        <line num="164" count="66" type="stmt"/>
        <line num="165" count="31" type="stmt"/>
        <line num="167" count="31" type="stmt"/>
        <line num="168" count="23" type="stmt"/>
        <line num="171" count="31" type="stmt"/>
        <line num="180" count="66" type="stmt"/>
        <line num="182" count="31" type="stmt"/>
        <line num="183" count="4" type="stmt"/>
        <line num="184" count="4" type="stmt"/>
        <line num="187" count="4" type="cond" truecount="2" falsecount="0"/>
        <line num="188" count="1" type="stmt"/>
        <line num="189" count="1" type="stmt"/>
        <line num="194" count="31" type="stmt"/>
        <line num="195" count="1" type="stmt"/>
        <line num="198" count="31" type="stmt"/>
        <line num="199" count="1" type="stmt"/>
        <line num="201" count="1" type="stmt"/>
        <line num="202" count="1" type="stmt"/>
        <line num="206" count="31" type="stmt"/>
        <line num="207" count="31" type="stmt"/>
        <line num="208" count="31" type="stmt"/>
        <line num="211" count="31" type="stmt"/>
        <line num="212" count="31" type="stmt"/>
        <line num="213" count="31" type="stmt"/>
        <line num="215" count="31" type="stmt"/>
        <line num="216" count="31" type="stmt"/>
        <line num="217" count="31" type="stmt"/>
        <line num="218" count="31" type="stmt"/>
        <line num="223" count="66" type="stmt"/>
        <line num="225" count="38" type="cond" truecount="1" falsecount="1"/>
        <line num="226" count="0" type="stmt"/>
        <line num="227" count="0" type="stmt"/>
        <line num="234" count="38" type="cond" truecount="2" falsecount="0"/>
        <line num="236" count="4" type="stmt"/>
        <line num="237" count="34" type="cond" truecount="2" falsecount="0"/>
        <line num="239" count="2" type="stmt"/>
        <line num="242" count="32" type="stmt"/>
        <line num="246" count="38" type="cond" truecount="2" falsecount="0"/>
        <line num="247" count="34" type="stmt"/>
        <line num="248" count="20" type="stmt"/>
        <line num="253" count="38" type="stmt"/>
        <line num="254" count="38" type="cond" truecount="2" falsecount="0"/>
        <line num="255" count="34" type="stmt"/>
        <line num="256" count="34" type="stmt"/>
        <line num="261" count="66" type="stmt"/>
        <line num="263" count="0" type="stmt"/>
        <line num="265" count="0" type="stmt"/>
        <line num="266" count="0" type="stmt"/>
        <line num="272" count="0" type="cond" truecount="0" falsecount="2"/>
        <line num="273" count="0" type="stmt"/>
        <line num="278" count="0" type="stmt"/>
        <line num="279" count="0" type="stmt"/>
        <line num="281" count="0" type="stmt"/>
        <line num="285" count="0" type="stmt"/>
        <line num="286" count="0" type="stmt"/>
        <line num="290" count="0" type="cond" truecount="0" falsecount="2"/>
        <line num="291" count="0" type="stmt"/>
        <line num="292" count="0" type="cond" truecount="0" falsecount="2"/>
        <line num="293" count="0" type="stmt"/>
        <line num="295" count="0" type="cond" truecount="0" falsecount="3"/>
        <line num="300" count="0" type="stmt"/>
        <line num="304" count="0" type="stmt"/>
        <line num="305" count="0" type="stmt"/>
        <line num="306" count="0" type="stmt"/>
        <line num="309" count="0" type="stmt"/>
        <line num="311" count="0" type="stmt"/>
        <line num="312" count="0" type="stmt"/>
        <line num="313" count="0" type="stmt"/>
        <line num="319" count="66" type="stmt"/>
        <line num="321" count="0" type="stmt"/>
        <line num="322" count="0" type="stmt"/>
        <line num="323" count="0" type="stmt"/>
        <line num="330" count="0" type="cond" truecount="0" falsecount="4"/>
        <line num="331" count="0" type="stmt"/>
        <line num="336" count="0" type="stmt"/>
        <line num="338" count="0" type="stmt"/>
        <line num="342" count="0" type="stmt"/>
        <line num="343" count="0" type="stmt"/>
        <line num="347" count="0" type="stmt"/>
        <line num="349" count="0" type="cond" truecount="0" falsecount="3"/>
        <line num="352" count="0" type="stmt"/>
        <line num="356" count="0" type="stmt"/>
        <line num="357" count="0" type="stmt"/>
        <line num="358" count="0" type="stmt"/>
        <line num="361" count="0" type="stmt"/>
        <line num="362" count="0" type="stmt"/>
        <line num="363" count="0" type="stmt"/>
        <line num="369" count="66" type="stmt"/>
      </file>
      <file name="useClickOutside.js" path="C:\Users\Jack\Documents\git\daboyz-calender\public\src\hooks\useClickOutside.js">
        <metrics statements="10" coveredstatements="10" conditionals="9" coveredconditionals="9" methods="4" coveredmethods="4"/>
        <line num="16" count="1" type="cond" truecount="1" falsecount="0"/>
        <line num="17" count="11" type="cond" truecount="1" falsecount="0"/>
        <line num="19" count="11" type="stmt"/>
        <line num="20" count="10" type="cond" truecount="2" falsecount="0"/>
        <line num="23" count="9" type="stmt"/>
        <line num="25" count="10" type="cond" truecount="5" falsecount="0"/>
        <line num="26" count="9" type="stmt"/>
        <line num="31" count="9" type="stmt"/>
        <line num="34" count="9" type="stmt"/>
        <line num="35" count="9" type="stmt"/>
      </file>
      <file name="useDarkMode.js" path="C:\Users\Jack\Documents\git\daboyz-calender\public\src\hooks\useDarkMode.js">
        <metrics statements="13" coveredstatements="13" conditionals="6" coveredconditionals="4" methods="5" coveredmethods="5"/>
        <line num="24" count="1" type="stmt"/>
        <line num="26" count="25" type="stmt"/>
        <line num="27" count="25" type="stmt"/>
        <line num="32" count="25" type="stmt"/>
        <line num="33" count="25" type="cond" truecount="2" falsecount="0"/>
        <line num="34" count="25" type="stmt"/>
        <line num="35" count="25" type="stmt"/>
        <line num="41" count="25" type="stmt"/>
        <line num="42" count="9" type="stmt"/>
        <line num="48" count="25" type="stmt"/>
        <line num="49" count="25" type="cond" truecount="1" falsecount="1"/>
        <line num="50" count="25" type="cond" truecount="1" falsecount="1"/>
        <line num="55" count="25" type="stmt"/>
      </file>
      <file name="useDeletePersona.js" path="C:\Users\Jack\Documents\git\daboyz-calender\public\src\hooks\useDeletePersona.js">
        <metrics statements="36" coveredstatements="25" conditionals="12" coveredconditionals="6" methods="4" coveredmethods="3"/>
        <line num="14" count="1" type="stmt"/>
        <line num="15" count="8" type="stmt"/>
        <line num="16" count="8" type="stmt"/>
        <line num="17" count="8" type="stmt"/>
        <line num="19" count="8" type="stmt"/>
        <line num="20" count="4" type="cond" truecount="3" falsecount="1"/>
        <line num="21" count="0" type="stmt"/>
        <line num="22" count="0" type="stmt"/>
        <line num="25" count="4" type="stmt"/>
        <line num="26" count="4" type="stmt"/>
        <line num="27" count="4" type="stmt"/>
        <line num="29" count="4" type="stmt"/>
        <line num="31" count="4" type="stmt"/>
        <line num="32" count="4" type="stmt"/>
        <line num="39" count="4" type="cond" truecount="1" falsecount="1"/>
        <line num="40" count="0" type="stmt"/>
        <line num="41" count="0" type="stmt"/>
        <line num="47" count="4" type="stmt"/>
        <line num="50" count="4" type="stmt"/>
        <line num="51" count="4" type="stmt"/>
        <line num="52" count="4" type="cond" truecount="2" falsecount="0"/>
        <line num="53" count="2" type="stmt"/>
        <line num="54" count="3" type="stmt"/>
        <line num="55" count="2" type="stmt"/>
        <line num="58" count="0" type="stmt"/>
        <line num="61" count="4" type="stmt"/>
        <line num="62" count="4" type="stmt"/>
        <line num="63" count="4" type="stmt"/>
        <line num="65" count="0" type="stmt"/>
        <line num="66" count="0" type="cond" truecount="0" falsecount="2"/>
        <line num="67" count="0" type="stmt"/>
        <line num="68" count="0" type="stmt"/>
        <line num="72" count="8" type="stmt"/>
        <line num="73" count="0" type="stmt"/>
        <line num="74" count="0" type="stmt"/>
        <line num="77" count="8" type="stmt"/>
      </file>
      <file name="useHydration.js" path="C:\Users\Jack\Documents\git\daboyz-calender\public\src\hooks\useHydration.js">
        <metrics statements="36" coveredstatements="31" conditionals="15" coveredconditionals="10" methods="6" coveredmethods="6"/>
        <line num="30" count="8" type="stmt"/>
        <line num="31" count="4" type="stmt"/>
        <line num="32" count="4" type="stmt"/>
        <line num="33" count="4" type="cond" truecount="2" falsecount="0"/>
        <line num="34" count="3" type="stmt"/>
        <line num="35" count="3" type="stmt"/>
        <line num="38" count="0" type="stmt"/>
        <line num="40" count="1" type="stmt"/>
        <line num="43" count="8" type="stmt"/>
        <line num="44" count="8" type="stmt"/>
        <line num="45" count="8" type="stmt"/>
        <line num="48" count="8" type="stmt"/>
        <line num="49" count="4" type="cond" truecount="4" falsecount="0"/>
        <line num="50" count="2" type="stmt"/>
        <line num="53" count="2" type="stmt"/>
        <line num="55" count="2" type="stmt"/>
        <line num="56" count="2" type="stmt"/>
        <line num="57" count="2" type="stmt"/>
        <line num="58" count="2" type="stmt"/>
        <line num="60" count="2" type="stmt"/>
        <line num="62" count="2" type="cond" truecount="1" falsecount="1"/>
        <line num="63" count="0" type="stmt"/>
        <line num="66" count="2" type="stmt"/>
        <line num="67" count="2" type="cond" truecount="1" falsecount="2"/>
        <line num="71" count="2" type="stmt"/>
        <line num="72" count="2" type="cond" truecount="1" falsecount="1"/>
        <line num="73" count="2" type="stmt"/>
        <line num="74" count="2" type="stmt"/>
        <line num="76" count="0" type="stmt"/>
        <line num="79" count="0" type="stmt"/>
        <line num="80" count="0" type="stmt"/>
        <line num="83" count="2" type="stmt"/>
        <line num="87" count="2" type="stmt"/>
        <line num="90" count="2" type="stmt"/>
        <line num="91" count="2" type="stmt"/>
        <line num="95" count="8" type="stmt"/>
      </file>
      <file name="useIdleTimeout.js" path="C:\Users\Jack\Documents\git\daboyz-calender\public\src\hooks\useIdleTimeout.js">
        <metrics statements="38" coveredstatements="38" conditionals="11" coveredconditionals="10" methods="10" coveredmethods="10"/>
        <line num="11" count="3" type="stmt"/>
        <line num="29" count="52" type="stmt"/>
        <line num="30" count="52" type="stmt"/>
        <line num="33" count="52" type="stmt"/>
        <line num="34" count="52" type="stmt"/>
        <line num="37" count="52" type="stmt"/>
        <line num="38" count="8" type="stmt"/>
        <line num="39" count="8" type="stmt"/>
        <line num="40" count="8" type="stmt"/>
        <line num="43" count="8" type="cond" truecount="2" falsecount="0"/>
        <line num="44" count="5" type="stmt"/>
        <line num="49" count="52" type="stmt"/>
        <line num="51" count="15" type="cond" truecount="2" falsecount="0"/>
        <line num="52" count="9" type="stmt"/>
        <line num="55" count="15" type="stmt"/>
        <line num="56" count="5" type="stmt"/>
        <line num="57" count="5" type="stmt"/>
        <line num="62" count="52" type="stmt"/>
        <line num="64" count="35" type="stmt"/>
        <line num="66" count="35" type="stmt"/>
        <line num="67" count="105" type="stmt"/>
        <line num="73" count="35" type="stmt"/>
        <line num="74" count="60" type="stmt"/>
        <line num="75" count="60" type="stmt"/>
        <line num="77" count="60" type="stmt"/>
        <line num="79" count="50" type="cond" truecount="2" falsecount="0"/>
        <line num="80" count="10" type="stmt"/>
        <line num="82" count="40" type="stmt"/>
        <line num="87" count="35" type="stmt"/>
        <line num="89" count="35" type="stmt"/>
        <line num="90" count="105" type="stmt"/>
        <line num="94" count="35" type="cond" truecount="1" falsecount="1"/>
        <line num="95" count="35" type="stmt"/>
        <line num="96" count="35" type="stmt"/>
        <line num="100" count="35" type="cond" truecount="2" falsecount="0"/>
        <line num="101" count="1" type="stmt"/>
        <line num="102" count="1" type="stmt"/>
        <line num="107" count="52" type="stmt"/>
      </file>
      <file name="useMediaQuery.js" path="C:\Users\Jack\Documents\git\daboyz-calender\public\src\hooks\useMediaQuery.js">
        <metrics statements="15" coveredstatements="12" conditionals="4" coveredconditionals="2" methods="4" coveredmethods="3"/>
        <line num="15" count="1" type="stmt"/>
        <line num="16" count="6" type="stmt"/>
        <line num="18" count="6" type="stmt"/>
        <line num="20" count="6" type="stmt"/>
        <line num="23" count="6" type="stmt"/>
        <line num="26" count="6" type="stmt"/>
        <line num="27" count="0" type="stmt"/>
        <line num="32" count="6" type="cond" truecount="1" falsecount="1"/>
        <line num="33" count="6" type="stmt"/>
        <line num="36" count="0" type="stmt"/>
        <line num="40" count="6" type="stmt"/>
        <line num="41" count="6" type="cond" truecount="1" falsecount="1"/>
        <line num="42" count="6" type="stmt"/>
        <line num="45" count="0" type="stmt"/>
        <line num="50" count="6" type="stmt"/>
      </file>
    </package>
    <package name="utils">
      <metrics statements="98" coveredstatements="96" conditionals="87" coveredconditionals="75" methods="19" coveredmethods="18"/>
      <file name="theme.js" path="C:\Users\Jack\Documents\git\daboyz-calender\public\src\utils\theme.js">
        <metrics statements="33" coveredstatements="32" conditionals="16" coveredconditionals="11" methods="8" coveredmethods="7"/>
        <line num="10" count="2" type="stmt"/>
        <line num="21" count="2" type="stmt"/>
        <line num="34" count="2" type="stmt"/>
        <line num="48" count="2" type="stmt"/>
        <line num="56" count="2" type="stmt"/>
        <line num="61" count="2" type="stmt"/>
        <line num="67" count="2" type="stmt"/>
        <line num="68" count="14" type="cond" truecount="1" falsecount="1"/>
        <line num="69" count="14" type="stmt"/>
        <line num="76" count="2" type="stmt"/>
        <line num="77" count="30" type="cond" truecount="1" falsecount="1"/>
        <line num="79" count="30" type="stmt"/>
        <line num="80" count="30" type="cond" truecount="2" falsecount="0"/>
        <line num="82" count="12" type="cond" truecount="1" falsecount="1"/>
        <line num="91" count="2" type="stmt"/>
        <line num="92" count="31" type="cond" truecount="1" falsecount="1"/>
        <line num="93" count="31" type="stmt"/>
        <line num="100" count="2" type="stmt"/>
        <line num="101" count="32" type="cond" truecount="1" falsecount="1"/>
        <line num="103" count="32" type="stmt"/>
        <line num="104" count="32" type="cond" truecount="2" falsecount="0"/>
        <line num="105" count="15" type="stmt"/>
        <line num="107" count="17" type="stmt"/>
        <line num="114" count="2" type="stmt"/>
        <line num="126" count="2" type="stmt"/>
        <line num="135" count="11" type="stmt"/>
        <line num="144" count="6" type="stmt"/>
        <line num="145" count="6" type="cond" truecount="2" falsecount="0"/>
        <line num="146" count="4" type="stmt"/>
        <line num="157" count="2" type="stmt"/>
        <line num="165" count="0" type="stmt"/>
        <line num="172" count="2" type="stmt"/>
        <line num="181" count="2" type="stmt"/>
      </file>
      <file name="truncate.js" path="C:\Users\Jack\Documents\git\daboyz-calender\public\src\utils\truncate.js">
        <metrics statements="43" coveredstatements="42" conditionals="40" coveredconditionals="33" methods="8" coveredmethods="8"/>
        <line num="15" count="1" type="cond" truecount="1" falsecount="0"/>
        <line num="16" count="34" type="cond" truecount="4" falsecount="0"/>
        <line num="17" count="2" type="stmt"/>
        <line num="24" count="32" type="stmt"/>
        <line num="26" count="32" type="cond" truecount="2" falsecount="0"/>
        <line num="27" count="25" type="stmt"/>
        <line num="35" count="7" type="stmt"/>
        <line num="37" count="7" type="stmt"/>
        <line num="53" count="1" type="stmt"/>
        <line num="58" count="3" type="cond" truecount="3" falsecount="1"/>
        <line num="59" count="0" type="stmt"/>
        <line num="66" count="3" type="stmt"/>
        <line num="68" count="3" type="cond" truecount="2" falsecount="0"/>
        <line num="69" count="1" type="stmt"/>
        <line num="77" count="2" type="stmt"/>
        <line num="79" count="2" type="cond" truecount="2" falsecount="0"/>
        <line num="81" count="2" type="stmt"/>
        <line num="83" count="2" type="stmt"/>
        <line num="100" count="1" type="cond" truecount="0" falsecount="1"/>
        <line num="101" count="3" type="cond" truecount="2" falsecount="0"/>
        <line num="103" count="3" type="cond" truecount="2" falsecount="0"/>
        <line num="104" count="1" type="stmt"/>
        <line num="107" count="2" type="stmt"/>
        <line num="108" count="2" type="stmt"/>
        <line num="119" count="1" type="cond" truecount="1" falsecount="0"/>
        <line num="120" count="22" type="cond" truecount="1" falsecount="0"/>
        <line num="122" count="22" type="stmt"/>
        <line num="124" count="22" type="stmt"/>
        <line num="149" count="1" type="cond" truecount="2" falsecount="0"/>
        <line num="150" count="8" type="cond" truecount="4" falsecount="0"/>
        <line num="151" count="2" type="stmt"/>
        <line num="161" count="6" type="stmt"/>
        <line num="162" count="6" type="stmt"/>
        <line num="164" count="13" type="stmt"/>
        <line num="165" count="6" type="stmt"/>
        <line num="166" count="6" type="stmt"/>
        <line num="168" count="6" type="stmt"/>
        <line num="169" count="13" type="stmt"/>
        <line num="171" count="6" type="cond" truecount="2" falsecount="0"/>
        <line num="172" count="4" type="stmt"/>
        <line num="173" count="4" type="stmt"/>
        <line num="176" count="6" type="stmt"/>
        <line num="178" count="5" type="stmt"/>
      </file>
      <file name="validation.js" path="C:\Users\Jack\Documents\git\daboyz-calender\public\src\utils\validation.js">
        <metrics statements="22" coveredstatements="22" conditionals="31" coveredconditionals="31" methods="3" coveredmethods="3"/>
        <line num="12" count="28" type="cond" truecount="4" falsecount="0"/>
        <line num="13" count="5" type="stmt"/>
        <line num="16" count="23" type="stmt"/>
        <line num="17" count="23" type="stmt"/>
        <line num="27" count="44" type="cond" truecount="4" falsecount="0"/>
        <line num="28" count="6" type="stmt"/>
        <line num="30" count="38" type="stmt"/>
        <line num="48" count="16" type="cond" truecount="4" falsecount="0"/>
        <line num="49" count="1" type="stmt"/>
        <line num="56" count="15" type="cond" truecount="4" falsecount="0"/>
        <line num="57" count="1" type="stmt"/>
        <line num="64" count="14" type="cond" truecount="2" falsecount="0"/>
        <line num="65" count="1" type="stmt"/>
        <line num="73" count="13" type="stmt"/>
        <line num="74" count="13" type="stmt"/>
        <line num="77" count="13" type="cond" truecount="4" falsecount="0"/>
        <line num="78" count="11" type="stmt"/>
        <line num="79" count="20" type="stmt"/>
        <line num="82" count="20" type="cond" truecount="2" falsecount="0"/>
        <line num="87" count="20" type="cond" truecount="2" falsecount="0"/>
        <line num="91" count="7" type="stmt"/>
        <line num="104" count="6" type="stmt"/>
      </file>
    </package>
  </project>
</coverage>
