{"C:\\Users\\Jack\\Documents\\git\\daboyz-calender\\public\\src\\api\\client.js": {"path":"C:\\Users\\Jack\\Documents\\git\\daboyz-calender\\public\\src\\api\\client.js","statementMap":{"0":{"start":{"line":6,"column":17},"end":{"line":6,"column":23}},"1":{"start":{"line":7,"column":24},"end":{"line":7,"column":29}},"2":{"start":{"line":8,"column":20},"end":{"line":8,"column":21}},"3":{"start":{"line":12,"column":4},"end":{"line":12,"column":27}},"4":{"start":{"line":19,"column":16},"end":{"line":19,"column":44}},"5":{"start":{"line":20,"column":23},"end":{"line":20,"column":44}},"6":{"start":{"line":21,"column":22},"end":{"line":21,"column":75}},"7":{"start":{"line":21,"column":39},"end":{"line":21,"column":57}},"8":{"start":{"line":23,"column":4},"end":{"line":66,"column":5}},"9":{"start":{"line":24,"column":23},"end":{"line":33,"column":8}},"10":{"start":{"line":35,"column":6},"end":{"line":35,"column":30}},"11":{"start":{"line":37,"column":6},"end":{"line":43,"column":7}},"12":{"start":{"line":38,"column":26},"end":{"line":38,"column":65}},"13":{"start":{"line":38,"column":61},"end":{"line":38,"column":63}},"14":{"start":{"line":39,"column":22},"end":{"line":39,"column":77}},"15":{"start":{"line":40,"column":8},"end":{"line":40,"column":39}},"16":{"start":{"line":41,"column":8},"end":{"line":41,"column":31}},"17":{"start":{"line":42,"column":8},"end":{"line":42,"column":20}},"18":{"start":{"line":46,"column":6},"end":{"line":48,"column":7}},"19":{"start":{"line":47,"column":8},"end":{"line":47,"column":33}},"20":{"start":{"line":50,"column":6},"end":{"line":50,"column":35}},"21":{"start":{"line":52,"column":6},"end":{"line":52,"column":30}},"22":{"start":{"line":55,"column":6},"end":{"line":63,"column":7}},"23":{"start":{"line":59,"column":8},"end":{"line":61,"column":10}},"24":{"start":{"line":60,"column":10},"end":{"line":60,"column":54}},"25":{"start":{"line":62,"column":8},"end":{"line":62,"column":71}},"26":{"start":{"line":65,"column":6},"end":{"line":65,"column":18}},"27":{"start":{"line":71,"column":4},"end":{"line":71,"column":41}},"28":{"start":{"line":75,"column":4},"end":{"line":77,"column":7}},"29":{"start":{"line":82,"column":4},"end":{"line":82,"column":63}},"30":{"start":{"line":86,"column":4},"end":{"line":88,"column":7}},"31":{"start":{"line":92,"column":4},"end":{"line":92,"column":69}},"32":{"start":{"line":97,"column":4},"end":{"line":97,"column":42}},"33":{"start":{"line":102,"column":25},"end":{"line":102,"column":40}}},"fnMap":{"0":{"name":"(anonymous_0)","decl":{"start":{"line":11,"column":2},"end":{"line":11,"column":3}},"loc":{"start":{"line":11,"column":34},"end":{"line":13,"column":3}},"line":11},"1":{"name":"(anonymous_1)","decl":{"start":{"line":18,"column":2},"end":{"line":18,"column":3}},"loc":{"start":{"line":18,"column":64},"end":{"line":67,"column":3}},"line":18},"2":{"name":"(anonymous_2)","decl":{"start":{"line":21,"column":33},"end":{"line":21,"column":34}},"loc":{"start":{"line":21,"column":39},"end":{"line":21,"column":57}},"line":21},"3":{"name":"(anonymous_3)","decl":{"start":{"line":38,"column":54},"end":{"line":38,"column":55}},"loc":{"start":{"line":38,"column":61},"end":{"line":38,"column":63}},"line":38},"4":{"name":"(anonymous_4)","decl":{"start":{"line":59,"column":26},"end":{"line":59,"column":27}},"loc":{"start":{"line":60,"column":10},"end":{"line":60,"column":54}},"line":60},"5":{"name":"(anonymous_5)","decl":{"start":{"line":70,"column":2},"end":{"line":70,"column":3}},"loc":{"start":{"line":70,"column":19},"end":{"line":72,"column":3}},"line":70},"6":{"name":"(anonymous_6)","decl":{"start":{"line":74,"column":2},"end":{"line":74,"column":3}},"loc":{"start":{"line":74,"column":45},"end":{"line":78,"column":3}},"line":74},"7":{"name":"(anonymous_7)","decl":{"start":{"line":81,"column":2},"end":{"line":81,"column":3}},"loc":{"start":{"line":81,"column":31},"end":{"line":83,"column":3}},"line":81},"8":{"name":"(anonymous_8)","decl":{"start":{"line":85,"column":2},"end":{"line":85,"column":3}},"loc":{"start":{"line":85,"column":54},"end":{"line":89,"column":3}},"line":85},"9":{"name":"(anonymous_9)","decl":{"start":{"line":91,"column":2},"end":{"line":91,"column":3}},"loc":{"start":{"line":91,"column":41},"end":{"line":93,"column":3}},"line":91},"10":{"name":"(anonymous_10)","decl":{"start":{"line":96,"column":2},"end":{"line":96,"column":3}},"loc":{"start":{"line":96,"column":17},"end":{"line":98,"column":3}},"line":96}},"branchMap":{"0":{"loc":{"start":{"line":11,"column":14},"end":{"line":11,"column":32}},"type":"default-arg","locations":[{"start":{"line":11,"column":24},"end":{"line":11,"column":32}}],"line":11},"1":{"loc":{"start":{"line":18,"column":34},"end":{"line":18,"column":46}},"type":"default-arg","locations":[{"start":{"line":18,"column":44},"end":{"line":18,"column":46}}],"line":18},"2":{"loc":{"start":{"line":18,"column":48},"end":{"line":18,"column":62}},"type":"default-arg","locations":[{"start":{"line":18,"column":61},"end":{"line":18,"column":62}}],"line":18},"3":{"loc":{"start":{"line":30,"column":14},"end":{"line":30,"column":69}},"type":"cond-expr","locations":[{"start":{"line":30,"column":29},"end":{"line":30,"column":57}},{"start":{"line":30,"column":60},"end":{"line":30,"column":69}}],"line":30},"4":{"loc":{"start":{"line":37,"column":6},"end":{"line":43,"column":7}},"type":"if","locations":[{"start":{"line":37,"column":6},"end":{"line":43,"column":7}},{"start":{},"end":{}}],"line":37},"5":{"loc":{"start":{"line":39,"column":32},"end":{"line":39,"column":76}},"type":"binary-expr","locations":[{"start":{"line":39,"column":32},"end":{"line":39,"column":47}},{"start":{"line":39,"column":51},"end":{"line":39,"column":76}}],"line":39},"6":{"loc":{"start":{"line":46,"column":6},"end":{"line":48,"column":7}},"type":"if","locations":[{"start":{"line":46,"column":6},"end":{"line":48,"column":7}},{"start":{},"end":{}}],"line":46},"7":{"loc":{"start":{"line":55,"column":6},"end":{"line":63,"column":7}},"type":"if","locations":[{"start":{"line":55,"column":6},"end":{"line":63,"column":7}},{"start":{},"end":{}}],"line":55},"8":{"loc":{"start":{"line":56,"column":8},"end":{"line":57,"column":54}},"type":"binary-expr","locations":[{"start":{"line":56,"column":8},"end":{"line":56,"column":32}},{"start":{"line":57,"column":9},"end":{"line":57,"column":36}},{"start":{"line":57,"column":40},"end":{"line":57,"column":53}}],"line":56}},"s":{"0":1,"1":1,"2":1,"3":1,"4":12,"5":12,"6":12,"7":0,"8":12,"9":12,"10":11,"11":11,"12":1,"13":0,"14":1,"15":1,"16":1,"17":1,"18":10,"19":2,"20":8,"21":2,"22":2,"23":1,"24":1,"25":1,"26":1,"27":2,"28":2,"29":3,"30":1,"31":2,"32":1,"33":1},"f":{"0":1,"1":12,"2":0,"3":0,"4":1,"5":2,"6":2,"7":3,"8":1,"9":2,"10":1},"b":{"0":[1],"1":[8],"2":[11],"3":[3,9],"4":[1,10],"5":[1,0],"6":[2,8],"7":[1,1],"8":[2,2,2]},"_coverageSchema":"1a1c01bbd47fc00a2c39e90264f33305004495a9","hash":"7ed0b269bd5bbd5058a36f9f6653fb331258143b"}
,"C:\\Users\\Jack\\Documents\\git\\daboyz-calender\\public\\src\\api\\mock.js": {"path":"C:\\Users\\Jack\\Documents\\git\\daboyz-calender\\public\\src\\api\\mock.js","statementMap":{"0":{"start":{"line":6,"column":21},"end":{"line":10,"column":1}},"1":{"start":{"line":13,"column":2},"end":{"line":15,"column":3}},"2":{"start":{"line":14,"column":4},"end":{"line":14,"column":68}},"3":{"start":{"line":16,"column":2},"end":{"line":18,"column":3}},"4":{"start":{"line":17,"column":4},"end":{"line":17,"column":72}},"5":{"start":{"line":21,"column":23},"end":{"line":108,"column":1}},"6":{"start":{"line":24,"column":4},"end":{"line":24,"column":24}},"7":{"start":{"line":25,"column":20},"end":{"line":27,"column":5}},"8":{"start":{"line":28,"column":25},"end":{"line":28,"column":72}},"9":{"start":{"line":28,"column":47},"end":{"line":28,"column":71}},"10":{"start":{"line":29,"column":4},"end":{"line":29,"column":61}},"11":{"start":{"line":33,"column":4},"end":{"line":33,"column":24}},"12":{"start":{"line":34,"column":20},"end":{"line":36,"column":5}},"13":{"start":{"line":39,"column":26},"end":{"line":41,"column":5}},"14":{"start":{"line":40,"column":13},"end":{"line":40,"column":68}},"15":{"start":{"line":43,"column":4},"end":{"line":62,"column":5}},"16":{"start":{"line":45,"column":22},"end":{"line":45,"column":57}},"17":{"start":{"line":46,"column":6},"end":{"line":46,"column":79}},"18":{"start":{"line":47,"column":6},"end":{"line":47,"column":68}},"19":{"start":{"line":50,"column":20},"end":{"line":50,"column":36}},"20":{"start":{"line":51,"column":20},"end":{"line":58,"column":7}},"21":{"start":{"line":59,"column":6},"end":{"line":59,"column":26}},"22":{"start":{"line":60,"column":6},"end":{"line":60,"column":79}},"23":{"start":{"line":61,"column":6},"end":{"line":61,"column":57}},"24":{"start":{"line":66,"column":4},"end":{"line":66,"column":24}},"25":{"start":{"line":67,"column":20},"end":{"line":69,"column":5}},"26":{"start":{"line":72,"column":26},"end":{"line":74,"column":5}},"27":{"start":{"line":73,"column":13},"end":{"line":73,"column":68}},"28":{"start":{"line":76,"column":4},"end":{"line":80,"column":5}},"29":{"start":{"line":77,"column":6},"end":{"line":77,"column":39}},"30":{"start":{"line":78,"column":6},"end":{"line":78,"column":79}},"31":{"start":{"line":79,"column":6},"end":{"line":79,"column":48}},"32":{"start":{"line":81,"column":4},"end":{"line":81,"column":56}},"33":{"start":{"line":85,"column":4},"end":{"line":85,"column":24}},"34":{"start":{"line":86,"column":20},"end":{"line":88,"column":5}},"35":{"start":{"line":91,"column":24},"end":{"line":91,"column":26}},"36":{"start":{"line":92,"column":4},"end":{"line":99,"column":9}},"37":{"start":{"line":93,"column":21},"end":{"line":93,"column":45}},"38":{"start":{"line":95,"column":20},"end":{"line":95,"column":42}},"39":{"start":{"line":96,"column":8},"end":{"line":98,"column":9}},"40":{"start":{"line":97,"column":10},"end":{"line":97,"column":62}},"41":{"start":{"line":101,"column":21},"end":{"line":101,"column":47}},"42":{"start":{"line":102,"column":4},"end":{"line":102,"column":48}},"43":{"start":{"line":106,"column":4},"end":{"line":106,"column":80}}},"fnMap":{"0":{"name":"initializeStorage","decl":{"start":{"line":12,"column":9},"end":{"line":12,"column":26}},"loc":{"start":{"line":12,"column":29},"end":{"line":19,"column":1}},"line":12},"1":{"name":"(anonymous_1)","decl":{"start":{"line":23,"column":19},"end":{"line":23,"column":20}},"loc":{"start":{"line":23,"column":30},"end":{"line":30,"column":3}},"line":23},"2":{"name":"(anonymous_2)","decl":{"start":{"line":28,"column":40},"end":{"line":28,"column":41}},"loc":{"start":{"line":28,"column":47},"end":{"line":28,"column":71}},"line":28},"3":{"name":"(anonymous_3)","decl":{"start":{"line":32,"column":22},"end":{"line":32,"column":23}},"loc":{"start":{"line":32,"column":45},"end":{"line":63,"column":3}},"line":32},"4":{"name":"(anonymous_4)","decl":{"start":{"line":40,"column":6},"end":{"line":40,"column":7}},"loc":{"start":{"line":40,"column":13},"end":{"line":40,"column":68}},"line":40},"5":{"name":"(anonymous_5)","decl":{"start":{"line":65,"column":22},"end":{"line":65,"column":23}},"loc":{"start":{"line":65,"column":45},"end":{"line":82,"column":3}},"line":65},"6":{"name":"(anonymous_6)","decl":{"start":{"line":73,"column":6},"end":{"line":73,"column":7}},"loc":{"start":{"line":73,"column":13},"end":{"line":73,"column":68}},"line":73},"7":{"name":"(anonymous_7)","decl":{"start":{"line":84,"column":15},"end":{"line":84,"column":16}},"loc":{"start":{"line":84,"column":26},"end":{"line":103,"column":3}},"line":84},"8":{"name":"(anonymous_8)","decl":{"start":{"line":93,"column":14},"end":{"line":93,"column":15}},"loc":{"start":{"line":93,"column":21},"end":{"line":93,"column":45}},"line":93},"9":{"name":"(anonymous_9)","decl":{"start":{"line":94,"column":15},"end":{"line":94,"column":16}},"loc":{"start":{"line":94,"column":22},"end":{"line":99,"column":7}},"line":94},"10":{"name":"(anonymous_10)","decl":{"start":{"line":105,"column":10},"end":{"line":105,"column":11}},"loc":{"start":{"line":105,"column":16},"end":{"line":107,"column":3}},"line":105}},"branchMap":{"0":{"loc":{"start":{"line":13,"column":2},"end":{"line":15,"column":3}},"type":"if","locations":[{"start":{"line":13,"column":2},"end":{"line":15,"column":3}},{"start":{},"end":{}}],"line":13},"1":{"loc":{"start":{"line":16,"column":2},"end":{"line":18,"column":3}},"type":"if","locations":[{"start":{"line":16,"column":2},"end":{"line":18,"column":3}},{"start":{},"end":{}}],"line":16},"2":{"loc":{"start":{"line":26,"column":6},"end":{"line":26,"column":61}},"type":"binary-expr","locations":[{"start":{"line":26,"column":6},"end":{"line":26,"column":53}},{"start":{"line":26,"column":57},"end":{"line":26,"column":61}}],"line":26},"3":{"loc":{"start":{"line":35,"column":6},"end":{"line":35,"column":61}},"type":"binary-expr","locations":[{"start":{"line":35,"column":6},"end":{"line":35,"column":53}},{"start":{"line":35,"column":57},"end":{"line":35,"column":61}}],"line":35},"4":{"loc":{"start":{"line":40,"column":13},"end":{"line":40,"column":68}},"type":"binary-expr","locations":[{"start":{"line":40,"column":13},"end":{"line":40,"column":28}},{"start":{"line":40,"column":32},"end":{"line":40,"column":49}},{"start":{"line":40,"column":53},"end":{"line":40,"column":68}}],"line":40},"5":{"loc":{"start":{"line":43,"column":4},"end":{"line":62,"column":5}},"type":"if","locations":[{"start":{"line":43,"column":4},"end":{"line":62,"column":5}},{"start":{"line":48,"column":11},"end":{"line":62,"column":5}}],"line":43},"6":{"loc":{"start":{"line":68,"column":6},"end":{"line":68,"column":61}},"type":"binary-expr","locations":[{"start":{"line":68,"column":6},"end":{"line":68,"column":53}},{"start":{"line":68,"column":57},"end":{"line":68,"column":61}}],"line":68},"7":{"loc":{"start":{"line":73,"column":13},"end":{"line":73,"column":68}},"type":"binary-expr","locations":[{"start":{"line":73,"column":13},"end":{"line":73,"column":28}},{"start":{"line":73,"column":32},"end":{"line":73,"column":49}},{"start":{"line":73,"column":53},"end":{"line":73,"column":68}}],"line":73},"8":{"loc":{"start":{"line":76,"column":4},"end":{"line":80,"column":5}},"type":"if","locations":[{"start":{"line":76,"column":4},"end":{"line":80,"column":5}},{"start":{},"end":{}}],"line":76},"9":{"loc":{"start":{"line":87,"column":6},"end":{"line":87,"column":61}},"type":"binary-expr","locations":[{"start":{"line":87,"column":6},"end":{"line":87,"column":53}},{"start":{"line":87,"column":57},"end":{"line":87,"column":61}}],"line":87},"10":{"loc":{"start":{"line":96,"column":8},"end":{"line":98,"column":9}},"type":"if","locations":[{"start":{"line":96,"column":8},"end":{"line":98,"column":9}},{"start":{},"end":{}}],"line":96}},"s":{"0":2,"1":4,"2":3,"3":4,"4":3,"5":2,"6":4,"7":4,"8":4,"9":0,"10":4,"11":0,"12":0,"13":0,"14":0,"15":0,"16":0,"17":0,"18":0,"19":0,"20":0,"21":0,"22":0,"23":0,"24":0,"25":0,"26":0,"27":0,"28":0,"29":0,"30":0,"31":0,"32":0,"33":0,"34":0,"35":0,"36":0,"37":0,"38":0,"39":0,"40":0,"41":0,"42":0,"43":0},"f":{"0":4,"1":4,"2":0,"3":0,"4":0,"5":0,"6":0,"7":0,"8":0,"9":0,"10":0},"b":{"0":[3,1],"1":[3,1],"2":[4,0],"3":[0,0],"4":[0,0,0],"5":[0,0],"6":[0,0],"7":[0,0,0],"8":[0,0],"9":[0,0],"10":[0,0]},"_coverageSchema":"1a1c01bbd47fc00a2c39e90264f33305004495a9","hash":"a7de665a5bb65c6a9e87b40d6472ecaf318c3b0b"}
,"C:\\Users\\Jack\\Documents\\git\\daboyz-calender\\public\\src\\components\\AvailabilityBadge.jsx": {"path":"C:\\Users\\Jack\\Documents\\git\\daboyz-calender\\public\\src\\components\\AvailabilityBadge.jsx","statementMap":{"0":{"start":{"line":10,"column":19},"end":{"line":10,"column":31}},"1":{"start":{"line":12,"column":2},"end":{"line":14,"column":3}},"2":{"start":{"line":13,"column":4},"end":{"line":13,"column":16}},"3":{"start":{"line":16,"column":23},"end":{"line":16,"column":24}},"4":{"start":{"line":17,"column":22},"end":{"line":17,"column":64}},"5":{"start":{"line":19,"column":27},"end":{"line":23,"column":3}},"6":{"start":{"line":20,"column":4},"end":{"line":22,"column":5}},"7":{"start":{"line":21,"column":6},"end":{"line":21,"column":35}},"8":{"start":{"line":25,"column":2},"end":{"line":92,"column":4}},"9":{"start":{"line":31,"column":8},"end":{"line":34,"column":9}},"10":{"start":{"line":32,"column":10},"end":{"line":32,"column":29}},"11":{"start":{"line":33,"column":10},"end":{"line":33,"column":29}},"12":{"start":{"line":45,"column":53},"end":{"line":48,"column":9}},"13":{"start":{"line":50,"column":8},"end":{"line":72,"column":10}},"14":{"start":{"line":54,"column":14},"end":{"line":54,"column":34}},"15":{"start":{"line":55,"column":14},"end":{"line":55,"column":48}}},"fnMap":{"0":{"name":"AvailabilityBadge","decl":{"start":{"line":4,"column":24},"end":{"line":4,"column":41}},"loc":{"start":{"line":9,"column":3},"end":{"line":93,"column":1}},"line":9},"1":{"name":"(anonymous_1)","decl":{"start":{"line":19,"column":27},"end":{"line":19,"column":28}},"loc":{"start":{"line":19,"column":33},"end":{"line":23,"column":3}},"line":19},"2":{"name":"(anonymous_2)","decl":{"start":{"line":30,"column":17},"end":{"line":30,"column":18}},"loc":{"start":{"line":30,"column":24},"end":{"line":35,"column":7}},"line":30},"3":{"name":"(anonymous_3)","decl":{"start":{"line":44,"column":42},"end":{"line":44,"column":43}},"loc":{"start":{"line":44,"column":60},"end":{"line":73,"column":7}},"line":44},"4":{"name":"(anonymous_4)","decl":{"start":{"line":53,"column":21},"end":{"line":53,"column":22}},"loc":{"start":{"line":53,"column":28},"end":{"line":56,"column":13}},"line":53}},"branchMap":{"0":{"loc":{"start":{"line":8,"column":2},"end":{"line":8,"column":20}},"type":"default-arg","locations":[{"start":{"line":8,"column":15},"end":{"line":8,"column":20}}],"line":8},"1":{"loc":{"start":{"line":12,"column":2},"end":{"line":14,"column":3}},"type":"if","locations":[{"start":{"line":12,"column":2},"end":{"line":14,"column":3}},{"start":{},"end":{}}],"line":12},"2":{"loc":{"start":{"line":12,"column":6},"end":{"line":12,"column":38}},"type":"binary-expr","locations":[{"start":{"line":12,"column":6},"end":{"line":12,"column":14}},{"start":{"line":12,"column":18},"end":{"line":12,"column":38}}],"line":12},"3":{"loc":{"start":{"line":20,"column":4},"end":{"line":22,"column":5}},"type":"if","locations":[{"start":{"line":20,"column":4},"end":{"line":22,"column":5}},{"start":{},"end":{}}],"line":20},"4":{"loc":{"start":{"line":29,"column":15},"end":{"line":29,"column":61}},"type":"cond-expr","locations":[{"start":{"line":29,"column":33},"end":{"line":29,"column":49}},{"start":{"line":29,"column":52},"end":{"line":29,"column":61}}],"line":29},"5":{"loc":{"start":{"line":31,"column":8},"end":{"line":34,"column":9}},"type":"if","locations":[{"start":{"line":31,"column":8},"end":{"line":34,"column":9}},{"start":{},"end":{}}],"line":31},"6":{"loc":{"start":{"line":31,"column":12},"end":{"line":31,"column":67}},"type":"binary-expr","locations":[{"start":{"line":31,"column":12},"end":{"line":31,"column":27}},{"start":{"line":31,"column":32},"end":{"line":31,"column":49}},{"start":{"line":31,"column":53},"end":{"line":31,"column":66}}],"line":31},"7":{"loc":{"start":{"line":36,"column":12},"end":{"line":36,"column":50}},"type":"cond-expr","locations":[{"start":{"line":36,"column":30},"end":{"line":36,"column":38}},{"start":{"line":36,"column":41},"end":{"line":36,"column":50}}],"line":36},"8":{"loc":{"start":{"line":37,"column":16},"end":{"line":37,"column":47}},"type":"cond-expr","locations":[{"start":{"line":37,"column":34},"end":{"line":37,"column":35}},{"start":{"line":37,"column":38},"end":{"line":37,"column":47}}],"line":37},"9":{"loc":{"start":{"line":39,"column":8},"end":{"line":41,"column":21}},"type":"cond-expr","locations":[{"start":{"line":40,"column":12},"end":{"line":40,"column":57}},{"start":{"line":41,"column":12},"end":{"line":41,"column":21}}],"line":39},"10":{"loc":{"start":{"line":60,"column":16},"end":{"line":60,"column":46}},"type":"cond-expr","locations":[{"start":{"line":60,"column":29},"end":{"line":60,"column":41}},{"start":{"line":60,"column":44},"end":{"line":60,"column":46}}],"line":60},"11":{"loc":{"start":{"line":64,"column":14},"end":{"line":66,"column":63}},"type":"cond-expr","locations":[{"start":{"line":65,"column":18},"end":{"line":65,"column":26}},{"start":{"line":66,"column":18},"end":{"line":66,"column":63}}],"line":64},"12":{"loc":{"start":{"line":74,"column":7},"end":{"line":90,"column":7}},"type":"binary-expr","locations":[{"start":{"line":74,"column":7},"end":{"line":74,"column":22}},{"start":{"line":75,"column":8},"end":{"line":89,"column":14}}],"line":74},"13":{"loc":{"start":{"line":80,"column":14},"end":{"line":82,"column":45}},"type":"cond-expr","locations":[{"start":{"line":81,"column":18},"end":{"line":81,"column":45}},{"start":{"line":82,"column":18},"end":{"line":82,"column":45}}],"line":80}},"s":{"0":0,"1":0,"2":0,"3":0,"4":0,"5":0,"6":0,"7":0,"8":0,"9":0,"10":0,"11":0,"12":0,"13":0,"14":0,"15":0},"f":{"0":0,"1":0,"2":0,"3":0,"4":0},"b":{"0":[0],"1":[0,0],"2":[0,0],"3":[0,0],"4":[0,0],"5":[0,0],"6":[0,0,0],"7":[0,0],"8":[0,0],"9":[0,0],"10":[0,0],"11":[0,0],"12":[0,0],"13":[0,0]}}
,"C:\\Users\\Jack\\Documents\\git\\daboyz-calender\\public\\src\\components\\AvailabilityModal.jsx": {"path":"C:\\Users\\Jack\\Documents\\git\\daboyz-calender\\public\\src\\components\\AvailabilityModal.jsx","statementMap":{"0":{"start":{"line":30,"column":19},"end":{"line":30,"column":31}},"1":{"start":{"line":31,"column":19},"end":{"line":31,"column":56}},"2":{"start":{"line":32,"column":34},"end":{"line":32,"column":63}},"3":{"start":{"line":35,"column":2},"end":{"line":35,"column":71}},"4":{"start":{"line":38,"column":2},"end":{"line":46,"column":37}},"5":{"start":{"line":39,"column":4},"end":{"line":39,"column":60}},"6":{"start":{"line":39,"column":53},"end":{"line":39,"column":60}},"7":{"start":{"line":41,"column":24},"end":{"line":41,"column":66}},"8":{"start":{"line":42,"column":4},"end":{"line":45,"column":7}},"9":{"start":{"line":48,"column":2},"end":{"line":50,"column":3}},"10":{"start":{"line":49,"column":4},"end":{"line":49,"column":16}},"11":{"start":{"line":53,"column":51},"end":{"line":56,"column":3}},"12":{"start":{"line":59,"column":2},"end":{"line":106,"column":3}},"13":{"start":{"line":60,"column":4},"end":{"line":105,"column":6}},"14":{"start":{"line":86,"column":14},"end":{"line":93,"column":20}},"15":{"start":{"line":109,"column":2},"end":{"line":252,"column":4}},"16":{"start":{"line":171,"column":12},"end":{"line":189,"column":18}},"17":{"start":{"line":195,"column":14},"end":{"line":213,"column":20}}},"fnMap":{"0":{"name":"AvailabilityModal","decl":{"start":{"line":22,"column":24},"end":{"line":22,"column":41}},"loc":{"start":{"line":29,"column":3},"end":{"line":253,"column":1}},"line":29},"1":{"name":"(anonymous_1)","decl":{"start":{"line":38,"column":12},"end":{"line":38,"column":13}},"loc":{"start":{"line":38,"column":18},"end":{"line":46,"column":3}},"line":38},"2":{"name":"(anonymous_2)","decl":{"start":{"line":85,"column":27},"end":{"line":85,"column":28}},"loc":{"start":{"line":86,"column":14},"end":{"line":93,"column":20}},"line":86},"3":{"name":"(anonymous_3)","decl":{"start":{"line":170,"column":25},"end":{"line":170,"column":26}},"loc":{"start":{"line":171,"column":12},"end":{"line":189,"column":18}},"line":171},"4":{"name":"(anonymous_4)","decl":{"start":{"line":194,"column":26},"end":{"line":194,"column":27}},"loc":{"start":{"line":195,"column":14},"end":{"line":213,"column":20}},"line":195}},"branchMap":{"0":{"loc":{"start":{"line":25,"column":2},"end":{"line":25,"column":15}},"type":"default-arg","locations":[{"start":{"line":25,"column":13},"end":{"line":25,"column":15}}],"line":25},"1":{"loc":{"start":{"line":27,"column":2},"end":{"line":27,"column":20}},"type":"default-arg","locations":[{"start":{"line":27,"column":15},"end":{"line":27,"column":20}}],"line":27},"2":{"loc":{"start":{"line":28,"column":2},"end":{"line":28,"column":19}},"type":"default-arg","locations":[{"start":{"line":28,"column":15},"end":{"line":28,"column":19}}],"line":28},"3":{"loc":{"start":{"line":35,"column":48},"end":{"line":35,"column":67}},"type":"binary-expr","locations":[{"start":{"line":35,"column":48},"end":{"line":35,"column":54}},{"start":{"line":35,"column":58},"end":{"line":35,"column":67}}],"line":35},"4":{"loc":{"start":{"line":39,"column":4},"end":{"line":39,"column":60}},"type":"if","locations":[{"start":{"line":39,"column":4},"end":{"line":39,"column":60}},{"start":{},"end":{}}],"line":39},"5":{"loc":{"start":{"line":39,"column":8},"end":{"line":39,"column":51}},"type":"binary-expr","locations":[{"start":{"line":39,"column":8},"end":{"line":39,"column":15}},{"start":{"line":39,"column":19},"end":{"line":39,"column":27}},{"start":{"line":39,"column":31},"end":{"line":39,"column":51}}],"line":39},"6":{"loc":{"start":{"line":48,"column":2},"end":{"line":50,"column":3}},"type":"if","locations":[{"start":{"line":48,"column":2},"end":{"line":50,"column":3}},{"start":{},"end":{}}],"line":48},"7":{"loc":{"start":{"line":48,"column":6},"end":{"line":48,"column":22}},"type":"binary-expr","locations":[{"start":{"line":48,"column":6},"end":{"line":48,"column":13}},{"start":{"line":48,"column":17},"end":{"line":48,"column":22}}],"line":48},"8":{"loc":{"start":{"line":59,"column":2},"end":{"line":106,"column":3}},"type":"if","locations":[{"start":{"line":59,"column":2},"end":{"line":106,"column":3}},{"start":{},"end":{}}],"line":59},"9":{"loc":{"start":{"line":66,"column":12},"end":{"line":66,"column":70}},"type":"cond-expr","locations":[{"start":{"line":66,"column":25},"end":{"line":66,"column":65}},{"start":{"line":66,"column":68},"end":{"line":66,"column":70}}],"line":66},"10":{"loc":{"start":{"line":96,"column":11},"end":{"line":102,"column":11}},"type":"binary-expr","locations":[{"start":{"line":96,"column":11},"end":{"line":96,"column":29}},{"start":{"line":97,"column":12},"end":{"line":101,"column":18}}],"line":96},"11":{"loc":{"start":{"line":98,"column":36},"end":{"line":98,"column":82}},"type":"cond-expr","locations":[{"start":{"line":98,"column":49},"end":{"line":98,"column":64}},{"start":{"line":98,"column":67},"end":{"line":98,"column":82}}],"line":98},"12":{"loc":{"start":{"line":127,"column":12},"end":{"line":129,"column":42}},"type":"cond-expr","locations":[{"start":{"line":128,"column":16},"end":{"line":128,"column":56}},{"start":{"line":129,"column":16},"end":{"line":129,"column":42}}],"line":127},"13":{"loc":{"start":{"line":134,"column":21},"end":{"line":136,"column":38}},"type":"cond-expr","locations":[{"start":{"line":135,"column":14},"end":{"line":135,"column":37}},{"start":{"line":136,"column":14},"end":{"line":136,"column":38}}],"line":134},"14":{"loc":{"start":{"line":145,"column":25},"end":{"line":145,"column":59}},"type":"cond-expr","locations":[{"start":{"line":145,"column":38},"end":{"line":145,"column":47}},{"start":{"line":145,"column":50},"end":{"line":145,"column":59}}],"line":145},"15":{"loc":{"start":{"line":160,"column":18},"end":{"line":160,"column":55}},"type":"cond-expr","locations":[{"start":{"line":160,"column":31},"end":{"line":160,"column":50}},{"start":{"line":160,"column":53},"end":{"line":160,"column":55}}],"line":160},"16":{"loc":{"start":{"line":175,"column":33},"end":{"line":175,"column":75}},"type":"cond-expr","locations":[{"start":{"line":175,"column":46},"end":{"line":175,"column":63}},{"start":{"line":175,"column":66},"end":{"line":175,"column":75}}],"line":175},"17":{"loc":{"start":{"line":192,"column":11},"end":{"line":214,"column":14}},"type":"binary-expr","locations":[{"start":{"line":192,"column":11},"end":{"line":192,"column":31}},{"start":{"line":193,"column":12},"end":{"line":193,"column":33}},{"start":{"line":194,"column":12},"end":{"line":214,"column":14}}],"line":192},"18":{"loc":{"start":{"line":199,"column":35},"end":{"line":199,"column":77}},"type":"cond-expr","locations":[{"start":{"line":199,"column":48},"end":{"line":199,"column":65}},{"start":{"line":199,"column":68},"end":{"line":199,"column":77}}],"line":199},"19":{"loc":{"start":{"line":216,"column":11},"end":{"line":222,"column":11}},"type":"binary-expr","locations":[{"start":{"line":216,"column":11},"end":{"line":216,"column":31}},{"start":{"line":217,"column":12},"end":{"line":221,"column":18}}],"line":216},"20":{"loc":{"start":{"line":218,"column":36},"end":{"line":218,"column":82}},"type":"cond-expr","locations":[{"start":{"line":218,"column":49},"end":{"line":218,"column":64}},{"start":{"line":218,"column":67},"end":{"line":218,"column":82}}],"line":218}},"s":{"0":0,"1":0,"2":0,"3":0,"4":0,"5":0,"6":0,"7":0,"8":0,"9":0,"10":0,"11":0,"12":0,"13":0,"14":0,"15":0,"16":0,"17":0},"f":{"0":0,"1":0,"2":0,"3":0,"4":0},"b":{"0":[0],"1":[0],"2":[0],"3":[0,0],"4":[0,0],"5":[0,0,0],"6":[0,0],"7":[0,0],"8":[0,0],"9":[0,0],"10":[0,0],"11":[0,0],"12":[0,0],"13":[0,0],"14":[0,0],"15":[0,0],"16":[0,0],"17":[0,0,0],"18":[0,0],"19":[0,0],"20":[0,0]}}
,"C:\\Users\\Jack\\Documents\\git\\daboyz-calender\\public\\src\\components\\CalendarGrid.jsx": {"path":"C:\\Users\\Jack\\Documents\\git\\daboyz-calender\\public\\src\\components\\CalendarGrid.jsx","statementMap":{"0":{"start":{"line":6,"column":2},"end":{"line":6,"column":72}},"1":{"start":{"line":10,"column":2},"end":{"line":10,"column":67}},"2":{"start":{"line":14,"column":2},"end":{"line":14,"column":42}},"3":{"start":{"line":25,"column":38},"end":{"line":30,"column":4}},"4":{"start":{"line":32,"column":32},"end":{"line":39,"column":3}},"5":{"start":{"line":33,"column":4},"end":{"line":38,"column":7}},"6":{"start":{"line":41,"column":27},"end":{"line":48,"column":3}},"7":{"start":{"line":42,"column":4},"end":{"line":47,"column":7}},"8":{"start":{"line":49,"column":23},"end":{"line":70,"column":20}},"9":{"start":{"line":50,"column":21},"end":{"line":50,"column":53}},"10":{"start":{"line":51,"column":24},"end":{"line":51,"column":52}},"11":{"start":{"line":52,"column":17},"end":{"line":52,"column":19}},"12":{"start":{"line":55,"column":4},"end":{"line":57,"column":5}},"13":{"start":{"line":55,"column":17},"end":{"line":55,"column":18}},"14":{"start":{"line":56,"column":6},"end":{"line":56,"column":22}},"15":{"start":{"line":60,"column":4},"end":{"line":67,"column":5}},"16":{"start":{"line":60,"column":19},"end":{"line":60,"column":20}},"17":{"start":{"line":61,"column":19},"end":{"line":65,"column":7}},"18":{"start":{"line":66,"column":6},"end":{"line":66,"column":22}},"19":{"start":{"line":69,"column":4},"end":{"line":69,"column":16}},"20":{"start":{"line":72,"column":33},"end":{"line":77,"column":3}},"21":{"start":{"line":73,"column":4},"end":{"line":73,"column":25}},"22":{"start":{"line":73,"column":15},"end":{"line":73,"column":25}},"23":{"start":{"line":75,"column":20},"end":{"line":75,"column":36}},"24":{"start":{"line":76,"column":4},"end":{"line":76,"column":53}},"25":{"start":{"line":76,"column":33},"end":{"line":76,"column":51}},"26":{"start":{"line":79,"column":26},"end":{"line":84,"column":3}},"27":{"start":{"line":80,"column":4},"end":{"line":80,"column":40}},"28":{"start":{"line":80,"column":33},"end":{"line":80,"column":40}},"29":{"start":{"line":82,"column":20},"end":{"line":82,"column":36}},"30":{"start":{"line":83,"column":4},"end":{"line":83,"column":25}},"31":{"start":{"line":86,"column":27},"end":{"line":90,"column":3}},"32":{"start":{"line":87,"column":4},"end":{"line":87,"column":22}},"33":{"start":{"line":87,"column":15},"end":{"line":87,"column":22}},"34":{"start":{"line":88,"column":20},"end":{"line":88,"column":36}},"35":{"start":{"line":89,"column":4},"end":{"line":89,"column":47}},"36":{"start":{"line":92,"column":19},"end":{"line":92,"column":68}},"37":{"start":{"line":94,"column":2},"end":{"line":185,"column":4}},"38":{"start":{"line":99,"column":10},"end":{"line":104,"column":16}},"39":{"start":{"line":111,"column":31},"end":{"line":111,"column":71}},"40":{"start":{"line":113,"column":12},"end":{"line":113,"column":63}},"41":{"start":{"line":115,"column":12},"end":{"line":115,"column":69}},"42":{"start":{"line":117,"column":12},"end":{"line":123,"column":13}},"43":{"start":{"line":121,"column":16},"end":{"line":122,"column":47}},"44":{"start":{"line":125,"column":10},"end":{"line":171,"column":12}},"45":{"start":{"line":134,"column":29},"end":{"line":134,"column":50}},"46":{"start":{"line":153,"column":26},"end":{"line":153,"column":61}},"47":{"start":{"line":156,"column":26},"end":{"line":156,"column":75}}},"fnMap":{"0":{"name":"getDaysInMonth","decl":{"start":{"line":5,"column":9},"end":{"line":5,"column":23}},"loc":{"start":{"line":5,"column":30},"end":{"line":7,"column":1}},"line":5},"1":{"name":"getFirstDayOfMonth","decl":{"start":{"line":9,"column":9},"end":{"line":9,"column":27}},"loc":{"start":{"line":9,"column":34},"end":{"line":11,"column":1}},"line":9},"2":{"name":"formatDate","decl":{"start":{"line":13,"column":9},"end":{"line":13,"column":19}},"loc":{"start":{"line":13,"column":26},"end":{"line":15,"column":1}},"line":13},"3":{"name":"CalendarGrid","decl":{"start":{"line":17,"column":24},"end":{"line":17,"column":36}},"loc":{"start":{"line":24,"column":3},"end":{"line":186,"column":1}},"line":24},"4":{"name":"(anonymous_4)","decl":{"start":{"line":32,"column":32},"end":{"line":32,"column":33}},"loc":{"start":{"line":32,"column":64},"end":{"line":39,"column":3}},"line":32},"5":{"name":"(anonymous_5)","decl":{"start":{"line":41,"column":27},"end":{"line":41,"column":28}},"loc":{"start":{"line":41,"column":33},"end":{"line":48,"column":3}},"line":41},"6":{"name":"(anonymous_6)","decl":{"start":{"line":49,"column":31},"end":{"line":49,"column":32}},"loc":{"start":{"line":49,"column":37},"end":{"line":70,"column":3}},"line":49},"7":{"name":"(anonymous_7)","decl":{"start":{"line":72,"column":33},"end":{"line":72,"column":34}},"loc":{"start":{"line":72,"column":43},"end":{"line":77,"column":3}},"line":72},"8":{"name":"(anonymous_8)","decl":{"start":{"line":76,"column":26},"end":{"line":76,"column":27}},"loc":{"start":{"line":76,"column":33},"end":{"line":76,"column":51}},"line":76},"9":{"name":"(anonymous_9)","decl":{"start":{"line":79,"column":26},"end":{"line":79,"column":27}},"loc":{"start":{"line":79,"column":36},"end":{"line":84,"column":3}},"line":79},"10":{"name":"(anonymous_10)","decl":{"start":{"line":86,"column":27},"end":{"line":86,"column":28}},"loc":{"start":{"line":86,"column":50},"end":{"line":90,"column":3}},"line":86},"11":{"name":"(anonymous_11)","decl":{"start":{"line":98,"column":22},"end":{"line":98,"column":23}},"loc":{"start":{"line":99,"column":10},"end":{"line":104,"column":16}},"line":99},"12":{"name":"(anonymous_12)","decl":{"start":{"line":110,"column":26},"end":{"line":110,"column":27}},"loc":{"start":{"line":110,"column":43},"end":{"line":172,"column":9}},"line":110},"13":{"name":"(anonymous_13)","decl":{"start":{"line":120,"column":14},"end":{"line":120,"column":15}},"loc":{"start":{"line":121,"column":16},"end":{"line":122,"column":47}},"line":121},"14":{"name":"(anonymous_14)","decl":{"start":{"line":134,"column":23},"end":{"line":134,"column":24}},"loc":{"start":{"line":134,"column":29},"end":{"line":134,"column":50}},"line":134},"15":{"name":"(anonymous_15)","decl":{"start":{"line":152,"column":34},"end":{"line":152,"column":35}},"loc":{"start":{"line":153,"column":26},"end":{"line":153,"column":61}},"line":153},"16":{"name":"(anonymous_16)","decl":{"start":{"line":155,"column":35},"end":{"line":155,"column":36}},"loc":{"start":{"line":156,"column":26},"end":{"line":156,"column":75}},"line":156}},"branchMap":{"0":{"loc":{"start":{"line":23,"column":2},"end":{"line":23,"column":20}},"type":"default-arg","locations":[{"start":{"line":23,"column":15},"end":{"line":23,"column":20}}],"line":23},"1":{"loc":{"start":{"line":73,"column":4},"end":{"line":73,"column":25}},"type":"if","locations":[{"start":{"line":73,"column":4},"end":{"line":73,"column":25}},{"start":{},"end":{}}],"line":73},"2":{"loc":{"start":{"line":80,"column":4},"end":{"line":80,"column":40}},"type":"if","locations":[{"start":{"line":80,"column":4},"end":{"line":80,"column":40}},{"start":{},"end":{}}],"line":80},"3":{"loc":{"start":{"line":80,"column":8},"end":{"line":80,"column":31}},"type":"binary-expr","locations":[{"start":{"line":80,"column":8},"end":{"line":80,"column":13}},{"start":{"line":80,"column":17},"end":{"line":80,"column":31}}],"line":80},"4":{"loc":{"start":{"line":87,"column":4},"end":{"line":87,"column":22}},"type":"if","locations":[{"start":{"line":87,"column":4},"end":{"line":87,"column":22}},{"start":{},"end":{}}],"line":87},"5":{"loc":{"start":{"line":111,"column":31},"end":{"line":111,"column":71}},"type":"cond-expr","locations":[{"start":{"line":111,"column":38},"end":{"line":111,"column":66}},{"start":{"line":111,"column":69},"end":{"line":111,"column":71}}],"line":111},"6":{"loc":{"start":{"line":113,"column":12},"end":{"line":113,"column":63}},"type":"binary-expr","locations":[{"start":{"line":113,"column":12},"end":{"line":113,"column":16}},{"start":{"line":113,"column":20},"end":{"line":113,"column":63}}],"line":113},"7":{"loc":{"start":{"line":115,"column":12},"end":{"line":115,"column":69}},"type":"binary-expr","locations":[{"start":{"line":115,"column":12},"end":{"line":115,"column":16}},{"start":{"line":115,"column":20},"end":{"line":115,"column":69}}],"line":115},"8":{"loc":{"start":{"line":117,"column":12},"end":{"line":123,"column":13}},"type":"binary-expr","locations":[{"start":{"line":117,"column":12},"end":{"line":117,"column":16}},{"start":{"line":118,"column":12},"end":{"line":118,"column":25}},{"start":{"line":119,"column":12},"end":{"line":123,"column":13}}],"line":117},"9":{"loc":{"start":{"line":121,"column":16},"end":{"line":122,"column":47}},"type":"binary-expr","locations":[{"start":{"line":121,"column":16},"end":{"line":121,"column":45}},{"start":{"line":122,"column":16},"end":{"line":122,"column":47}}],"line":121},"10":{"loc":{"start":{"line":130,"column":18},"end":{"line":130,"column":60}},"type":"cond-expr","locations":[{"start":{"line":130,"column":35},"end":{"line":130,"column":45}},{"start":{"line":130,"column":48},"end":{"line":130,"column":60}}],"line":130},"11":{"loc":{"start":{"line":131,"column":18},"end":{"line":131,"column":45}},"type":"cond-expr","locations":[{"start":{"line":131,"column":28},"end":{"line":131,"column":40}},{"start":{"line":131,"column":43},"end":{"line":131,"column":45}}],"line":131},"12":{"loc":{"start":{"line":132,"column":18},"end":{"line":132,"column":97}},"type":"cond-expr","locations":[{"start":{"line":132,"column":26},"end":{"line":132,"column":42}},{"start":{"line":132,"column":45},"end":{"line":132,"column":97}}],"line":132},"13":{"loc":{"start":{"line":136,"column":15},"end":{"line":169,"column":15}},"type":"binary-expr","locations":[{"start":{"line":136,"column":15},"end":{"line":136,"column":19}},{"start":{"line":137,"column":16},"end":{"line":168,"column":19}}],"line":136},"14":{"loc":{"start":{"line":141,"column":22},"end":{"line":141,"column":72}},"type":"cond-expr","locations":[{"start":{"line":141,"column":39},"end":{"line":141,"column":54}},{"start":{"line":141,"column":57},"end":{"line":141,"column":72}}],"line":141},"15":{"loc":{"start":{"line":142,"column":22},"end":{"line":142,"column":52}},"type":"cond-expr","locations":[{"start":{"line":142,"column":32},"end":{"line":142,"column":47}},{"start":{"line":142,"column":50},"end":{"line":142,"column":52}}],"line":142},"16":{"loc":{"start":{"line":148,"column":19},"end":{"line":161,"column":19}},"type":"binary-expr","locations":[{"start":{"line":148,"column":19},"end":{"line":148,"column":42}},{"start":{"line":149,"column":20},"end":{"line":160,"column":26}}],"line":148},"17":{"loc":{"start":{"line":163,"column":19},"end":{"line":167,"column":19}},"type":"binary-expr","locations":[{"start":{"line":163,"column":19},"end":{"line":163,"column":32}},{"start":{"line":163,"column":36},"end":{"line":163,"column":47}},{"start":{"line":164,"column":20},"end":{"line":166,"column":26}}],"line":163}},"s":{"0":0,"1":0,"2":0,"3":0,"4":0,"5":0,"6":0,"7":0,"8":0,"9":0,"10":0,"11":0,"12":0,"13":0,"14":0,"15":0,"16":0,"17":0,"18":0,"19":0,"20":0,"21":0,"22":0,"23":0,"24":0,"25":0,"26":0,"27":0,"28":0,"29":0,"30":0,"31":0,"32":0,"33":0,"34":0,"35":0,"36":0,"37":0,"38":0,"39":0,"40":0,"41":0,"42":0,"43":0,"44":0,"45":0,"46":0,"47":0},"f":{"0":0,"1":0,"2":0,"3":0,"4":0,"5":0,"6":0,"7":0,"8":0,"9":0,"10":0,"11":0,"12":0,"13":0,"14":0,"15":0,"16":0},"b":{"0":[0],"1":[0,0],"2":[0,0],"3":[0,0],"4":[0,0],"5":[0,0],"6":[0,0],"7":[0,0],"8":[0,0,0],"9":[0,0],"10":[0,0],"11":[0,0],"12":[0,0],"13":[0,0],"14":[0,0],"15":[0,0],"16":[0,0],"17":[0,0,0]}}
,"C:\\Users\\Jack\\Documents\\git\\daboyz-calender\\public\\src\\components\\DarkModeToggle.jsx": {"path":"C:\\Users\\Jack\\Documents\\git\\daboyz-calender\\public\\src\\components\\DarkModeToggle.jsx","statementMap":{"0":{"start":{"line":14,"column":2},"end":{"line":125,"column":4}},"1":{"start":{"line":16,"column":21},"end":{"line":16,"column":42}}},"fnMap":{"0":{"name":"DarkModeToggle","decl":{"start":{"line":13,"column":24},"end":{"line":13,"column":38}},"loc":{"start":{"line":13,"column":73},"end":{"line":126,"column":1}},"line":13},"1":{"name":"(anonymous_1)","decl":{"start":{"line":16,"column":15},"end":{"line":16,"column":16}},"loc":{"start":{"line":16,"column":21},"end":{"line":16,"column":42}},"line":16}},"branchMap":{"0":{"loc":{"start":{"line":13,"column":41},"end":{"line":13,"column":59}},"type":"default-arg","locations":[{"start":{"line":13,"column":54},"end":{"line":13,"column":59}}],"line":13},"1":{"loc":{"start":{"line":22,"column":10},"end":{"line":24,"column":72}},"type":"cond-expr","locations":[{"start":{"line":23,"column":14},"end":{"line":23,"column":77}},{"start":{"line":24,"column":14},"end":{"line":24,"column":72}}],"line":22},"2":{"loc":{"start":{"line":27,"column":31},"end":{"line":27,"column":60}},"type":"cond-expr","locations":[{"start":{"line":27,"column":44},"end":{"line":27,"column":51}},{"start":{"line":27,"column":54},"end":{"line":27,"column":60}}],"line":27},"3":{"loc":{"start":{"line":29,"column":23},"end":{"line":29,"column":52}},"type":"cond-expr","locations":[{"start":{"line":29,"column":36},"end":{"line":29,"column":43}},{"start":{"line":29,"column":46},"end":{"line":29,"column":52}}],"line":29},"4":{"loc":{"start":{"line":31,"column":7},"end":{"line":123,"column":7}},"type":"cond-expr","locations":[{"start":{"line":33,"column":8},"end":{"line":40,"column":14}},{"start":{"line":43,"column":8},"end":{"line":122,"column":14}}],"line":31}},"s":{"0":0,"1":0},"f":{"0":0,"1":0},"b":{"0":[0],"1":[0,0],"2":[0,0],"3":[0,0],"4":[0,0]}}
,"C:\\Users\\Jack\\Documents\\git\\daboyz-calender\\public\\src\\components\\DeletePersonaModal.jsx": {"path":"C:\\Users\\Jack\\Documents\\git\\daboyz-calender\\public\\src\\components\\DeletePersonaModal.jsx","statementMap":{"0":{"start":{"line":18,"column":27},"end":{"line":151,"column":1}},"1":{"start":{"line":28,"column":36},"end":{"line":28,"column":52}},"2":{"start":{"line":31,"column":2},"end":{"line":33,"column":15}},"3":{"start":{"line":32,"column":4},"end":{"line":32,"column":25}},"4":{"start":{"line":35,"column":2},"end":{"line":37,"column":3}},"5":{"start":{"line":36,"column":4},"end":{"line":36,"column":16}},"6":{"start":{"line":39,"column":24},"end":{"line":43,"column":3}},"7":{"start":{"line":40,"column":4},"end":{"line":42,"column":5}},"8":{"start":{"line":41,"column":6},"end":{"line":41,"column":29}},"9":{"start":{"line":45,"column":23},"end":{"line":50,"column":3}},"10":{"start":{"line":46,"column":4},"end":{"line":46,"column":24}},"11":{"start":{"line":47,"column":4},"end":{"line":49,"column":5}},"12":{"start":{"line":48,"column":6},"end":{"line":48,"column":17}},"13":{"start":{"line":52,"column":22},"end":{"line":58,"column":3}},"14":{"start":{"line":53,"column":4},"end":{"line":57,"column":5}},"15":{"start":{"line":54,"column":6},"end":{"line":54,"column":16}},"16":{"start":{"line":55,"column":11},"end":{"line":57,"column":5}},"17":{"start":{"line":56,"column":6},"end":{"line":56,"column":29}},"18":{"start":{"line":60,"column":2},"end":{"line":150,"column":4}},"19":{"start":{"line":68,"column":24},"end":{"line":68,"column":43}}},"fnMap":{"0":{"name":"(anonymous_0)","decl":{"start":{"line":18,"column":27},"end":{"line":18,"column":28}},"loc":{"start":{"line":27,"column":6},"end":{"line":151,"column":1}},"line":27},"1":{"name":"(anonymous_1)","decl":{"start":{"line":31,"column":18},"end":{"line":31,"column":19}},"loc":{"start":{"line":31,"column":24},"end":{"line":33,"column":3}},"line":31},"2":{"name":"(anonymous_2)","decl":{"start":{"line":39,"column":24},"end":{"line":39,"column":25}},"loc":{"start":{"line":39,"column":30},"end":{"line":43,"column":3}},"line":39},"3":{"name":"(anonymous_3)","decl":{"start":{"line":45,"column":23},"end":{"line":45,"column":24}},"loc":{"start":{"line":45,"column":29},"end":{"line":50,"column":3}},"line":45},"4":{"name":"(anonymous_4)","decl":{"start":{"line":52,"column":22},"end":{"line":52,"column":23}},"loc":{"start":{"line":52,"column":28},"end":{"line":58,"column":3}},"line":52},"5":{"name":"(anonymous_5)","decl":{"start":{"line":68,"column":17},"end":{"line":68,"column":18}},"loc":{"start":{"line":68,"column":24},"end":{"line":68,"column":43}},"line":68}},"branchMap":{"0":{"loc":{"start":{"line":23,"column":2},"end":{"line":23,"column":20}},"type":"default-arg","locations":[{"start":{"line":23,"column":15},"end":{"line":23,"column":20}}],"line":23},"1":{"loc":{"start":{"line":24,"column":2},"end":{"line":24,"column":23}},"type":"default-arg","locations":[{"start":{"line":24,"column":18},"end":{"line":24,"column":23}}],"line":24},"2":{"loc":{"start":{"line":25,"column":2},"end":{"line":25,"column":14}},"type":"default-arg","locations":[{"start":{"line":25,"column":10},"end":{"line":25,"column":14}}],"line":25},"3":{"loc":{"start":{"line":35,"column":2},"end":{"line":37,"column":3}},"type":"if","locations":[{"start":{"line":35,"column":2},"end":{"line":37,"column":3}},{"start":{},"end":{}}],"line":35},"4":{"loc":{"start":{"line":40,"column":4},"end":{"line":42,"column":5}},"type":"if","locations":[{"start":{"line":40,"column":4},"end":{"line":42,"column":5}},{"start":{},"end":{}}],"line":40},"5":{"loc":{"start":{"line":47,"column":4},"end":{"line":49,"column":5}},"type":"if","locations":[{"start":{"line":47,"column":4},"end":{"line":49,"column":5}},{"start":{},"end":{}}],"line":47},"6":{"loc":{"start":{"line":53,"column":4},"end":{"line":57,"column":5}},"type":"if","locations":[{"start":{"line":53,"column":4},"end":{"line":57,"column":5}},{"start":{"line":55,"column":11},"end":{"line":57,"column":5}}],"line":53},"7":{"loc":{"start":{"line":55,"column":11},"end":{"line":57,"column":5}},"type":"if","locations":[{"start":{"line":55,"column":11},"end":{"line":57,"column":5}},{"start":{},"end":{}}],"line":55},"8":{"loc":{"start":{"line":70,"column":9},"end":{"line":106,"column":9}},"type":"binary-expr","locations":[{"start":{"line":70,"column":9},"end":{"line":70,"column":23}},{"start":{"line":70,"column":27},"end":{"line":70,"column":33}},{"start":{"line":71,"column":10},"end":{"line":105,"column":13}}],"line":70},"9":{"loc":{"start":{"line":93,"column":28},"end":{"line":93,"column":73}},"type":"cond-expr","locations":[{"start":{"line":93,"column":41},"end":{"line":93,"column":54}},{"start":{"line":93,"column":57},"end":{"line":93,"column":73}}],"line":93},"10":{"loc":{"start":{"line":95,"column":17},"end":{"line":102,"column":17}},"type":"cond-expr","locations":[{"start":{"line":96,"column":18},"end":{"line":99,"column":21}},{"start":{"line":101,"column":18},"end":{"line":101,"column":26}}],"line":95},"11":{"loc":{"start":{"line":108,"column":9},"end":{"line":124,"column":9}},"type":"binary-expr","locations":[{"start":{"line":108,"column":9},"end":{"line":108,"column":22}},{"start":{"line":109,"column":10},"end":{"line":123,"column":13}}],"line":108},"12":{"loc":{"start":{"line":126,"column":9},"end":{"line":147,"column":9}},"type":"binary-expr","locations":[{"start":{"line":126,"column":9},"end":{"line":126,"column":14}},{"start":{"line":127,"column":10},"end":{"line":146,"column":13}}],"line":126}},"s":{"0":1,"1":11,"2":11,"3":7,"4":11,"5":2,"6":9,"7":1,"8":1,"9":9,"10":1,"11":1,"12":1,"13":9,"14":0,"15":0,"16":0,"17":0,"18":9,"19":2},"f":{"0":11,"1":7,"2":1,"3":1,"4":0,"5":2},"b":{"0":[6],"1":[10],"2":[10],"3":[2,9],"4":[1,0],"5":[1,0],"6":[0,0],"7":[0,0],"8":[9,8,7],"9":[2,5],"10":[2,5],"11":[9,1],"12":[9,1]},"_coverageSchema":"1a1c01bbd47fc00a2c39e90264f33305004495a9","hash":"0999386011806cd5d6958eea3de12af14c8927e0"}
,"C:\\Users\\Jack\\Documents\\git\\daboyz-calender\\public\\src\\components\\EmptyState.jsx": {"path":"C:\\Users\\Jack\\Documents\\git\\daboyz-calender\\public\\src\\components\\EmptyState.jsx","statementMap":{"0":{"start":{"line":7,"column":19},"end":{"line":28,"column":1}},"1":{"start":{"line":8,"column":2},"end":{"line":27,"column":4}}},"fnMap":{"0":{"name":"(anonymous_0)","decl":{"start":{"line":7,"column":19},"end":{"line":7,"column":20}},"loc":{"start":{"line":7,"column":44},"end":{"line":28,"column":1}},"line":7}},"branchMap":{},"s":{"0":0,"1":0},"f":{"0":0},"b":{}}
,"C:\\Users\\Jack\\Documents\\git\\daboyz-calender\\public\\src\\components\\MonthNavigation.jsx": {"path":"C:\\Users\\Jack\\Documents\\git\\daboyz-calender\\public\\src\\components\\MonthNavigation.jsx","statementMap":{"0":{"start":{"line":4,"column":2},"end":{"line":4,"column":78}},"1":{"start":{"line":12,"column":16},"end":{"line":12,"column":43}},"2":{"start":{"line":14,"column":2},"end":{"line":36,"column":4}}},"fnMap":{"0":{"name":"getMonthLabel","decl":{"start":{"line":3,"column":9},"end":{"line":3,"column":22}},"loc":{"start":{"line":3,"column":29},"end":{"line":5,"column":1}},"line":3},"1":{"name":"MonthNavigation","decl":{"start":{"line":7,"column":24},"end":{"line":7,"column":39}},"loc":{"start":{"line":11,"column":3},"end":{"line":37,"column":1}},"line":11}},"branchMap":{},"s":{"0":0,"1":0,"2":0},"f":{"0":0,"1":0},"b":{}}
,"C:\\Users\\Jack\\Documents\\git\\daboyz-calender\\public\\src\\components\\OfflineWarning.jsx": {"path":"C:\\Users\\Jack\\Documents\\git\\daboyz-calender\\public\\src\\components\\OfflineWarning.jsx","statementMap":{"0":{"start":{"line":12,"column":2},"end":{"line":14,"column":3}},"1":{"start":{"line":13,"column":4},"end":{"line":13,"column":16}},"2":{"start":{"line":16,"column":2},"end":{"line":34,"column":4}}},"fnMap":{"0":{"name":"OfflineWarning","decl":{"start":{"line":11,"column":9},"end":{"line":11,"column":23}},"loc":{"start":{"line":11,"column":39},"end":{"line":35,"column":1}},"line":11}},"branchMap":{"0":{"loc":{"start":{"line":12,"column":2},"end":{"line":14,"column":3}},"type":"if","locations":[{"start":{"line":12,"column":2},"end":{"line":14,"column":3}},{"start":{},"end":{}}],"line":12}},"s":{"0":5,"1":1,"2":4},"f":{"0":5},"b":{"0":[1,4]},"_coverageSchema":"1a1c01bbd47fc00a2c39e90264f33305004495a9","hash":"0a2df071a4cddc4c60918800d41e7076dd990391"}
,"C:\\Users\\Jack\\Documents\\git\\daboyz-calender\\public\\src\\components\\PersonaOnboarding.jsx": {"path":"C:\\Users\\Jack\\Documents\\git\\daboyz-calender\\public\\src\\components\\PersonaOnboarding.jsx","statementMap":{"0":{"start":{"line":20,"column":26},"end":{"line":20,"column":38}},"1":{"start":{"line":21,"column":28},"end":{"line":21,"column":47}},"2":{"start":{"line":22,"column":40},"end":{"line":22,"column":52}},"3":{"start":{"line":23,"column":48},"end":{"line":23,"column":62}},"4":{"start":{"line":24,"column":44},"end":{"line":24,"column":58}},"5":{"start":{"line":25,"column":36},"end":{"line":25,"column":48}},"6":{"start":{"line":26,"column":38},"end":{"line":26,"column":50}},"7":{"start":{"line":27,"column":42},"end":{"line":27,"column":57}},"8":{"start":{"line":28,"column":50},"end":{"line":28,"column":62}},"9":{"start":{"line":30,"column":32},"end":{"line":30,"column":44}},"10":{"start":{"line":33,"column":2},"end":{"line":56,"column":9}},"11":{"start":{"line":34,"column":26},"end":{"line":53,"column":5}},"12":{"start":{"line":35,"column":6},"end":{"line":52,"column":7}},"13":{"start":{"line":36,"column":8},"end":{"line":36,"column":33}},"14":{"start":{"line":37,"column":25},"end":{"line":37,"column":53}},"15":{"start":{"line":39,"column":8},"end":{"line":41,"column":9}},"16":{"start":{"line":40,"column":10},"end":{"line":40,"column":74}},"17":{"start":{"line":43,"column":21},"end":{"line":43,"column":42}},"18":{"start":{"line":44,"column":8},"end":{"line":44,"column":74}},"19":{"start":{"line":45,"column":8},"end":{"line":45,"column":31}},"20":{"start":{"line":47,"column":8},"end":{"line":47,"column":72}},"21":{"start":{"line":48,"column":8},"end":{"line":48,"column":38}},"22":{"start":{"line":49,"column":8},"end":{"line":49,"column":27}},"23":{"start":{"line":51,"column":8},"end":{"line":51,"column":34}},"24":{"start":{"line":55,"column":4},"end":{"line":55,"column":20}},"25":{"start":{"line":59,"column":28},"end":{"line":107,"column":3}},"26":{"start":{"line":61,"column":6},"end":{"line":61,"column":28}},"27":{"start":{"line":64,"column":6},"end":{"line":64,"column":23}},"28":{"start":{"line":65,"column":6},"end":{"line":65,"column":24}},"29":{"start":{"line":66,"column":6},"end":{"line":66,"column":30}},"30":{"start":{"line":69,"column":6},"end":{"line":73,"column":7}},"31":{"start":{"line":70,"column":8},"end":{"line":70,"column":45}},"32":{"start":{"line":71,"column":8},"end":{"line":71,"column":31}},"33":{"start":{"line":72,"column":8},"end":{"line":72,"column":15}},"34":{"start":{"line":75,"column":6},"end":{"line":79,"column":7}},"35":{"start":{"line":76,"column":8},"end":{"line":76,"column":59}},"36":{"start":{"line":77,"column":8},"end":{"line":77,"column":31}},"37":{"start":{"line":78,"column":8},"end":{"line":78,"column":15}},"38":{"start":{"line":81,"column":6},"end":{"line":85,"column":7}},"39":{"start":{"line":82,"column":8},"end":{"line":82,"column":75}},"40":{"start":{"line":83,"column":8},"end":{"line":83,"column":31}},"41":{"start":{"line":84,"column":8},"end":{"line":84,"column":15}},"42":{"start":{"line":88,"column":6},"end":{"line":92,"column":7}},"43":{"start":{"line":89,"column":8},"end":{"line":89,"column":46}},"44":{"start":{"line":90,"column":8},"end":{"line":90,"column":31}},"45":{"start":{"line":91,"column":8},"end":{"line":91,"column":15}},"46":{"start":{"line":95,"column":25},"end":{"line":99,"column":7}},"47":{"start":{"line":100,"column":6},"end":{"line":102,"column":7}},"48":{"start":{"line":101,"column":8},"end":{"line":101,"column":53}},"49":{"start":{"line":104,"column":6},"end":{"line":104,"column":29}},"50":{"start":{"line":110,"column":27},"end":{"line":123,"column":3}},"51":{"start":{"line":111,"column":22},"end":{"line":111,"column":36}},"52":{"start":{"line":112,"column":4},"end":{"line":112,"column":23}},"53":{"start":{"line":115,"column":4},"end":{"line":117,"column":5}},"54":{"start":{"line":116,"column":6},"end":{"line":116,"column":50}},"55":{"start":{"line":120,"column":4},"end":{"line":122,"column":12}},"56":{"start":{"line":121,"column":6},"end":{"line":121,"column":42}},"57":{"start":{"line":125,"column":28},"end":{"line":138,"column":3}},"58":{"start":{"line":126,"column":23},"end":{"line":126,"column":37}},"59":{"start":{"line":127,"column":4},"end":{"line":127,"column":25}},"60":{"start":{"line":130,"column":4},"end":{"line":132,"column":5}},"61":{"start":{"line":131,"column":6},"end":{"line":131,"column":50}},"62":{"start":{"line":135,"column":4},"end":{"line":137,"column":12}},"63":{"start":{"line":136,"column":6},"end":{"line":136,"column":42}},"64":{"start":{"line":140,"column":23},"end":{"line":167,"column":3}},"65":{"start":{"line":141,"column":4},"end":{"line":141,"column":23}},"66":{"start":{"line":144,"column":23},"end":{"line":148,"column":5}},"67":{"start":{"line":150,"column":4},"end":{"line":153,"column":5}},"68":{"start":{"line":151,"column":6},"end":{"line":151,"column":51}},"69":{"start":{"line":152,"column":6},"end":{"line":152,"column":13}},"70":{"start":{"line":156,"column":4},"end":{"line":159,"column":7}},"71":{"start":{"line":162,"column":4},"end":{"line":162,"column":16}},"72":{"start":{"line":163,"column":4},"end":{"line":163,"column":24}},"73":{"start":{"line":164,"column":4},"end":{"line":164,"column":21}},"74":{"start":{"line":165,"column":4},"end":{"line":165,"column":22}},"75":{"start":{"line":166,"column":4},"end":{"line":166,"column":28}},"76":{"start":{"line":173,"column":20},"end":{"line":173,"column":63}},"77":{"start":{"line":174,"column":22},"end":{"line":174,"column":78}},"78":{"start":{"line":177,"column":2},"end":{"line":183,"column":9}},"79":{"start":{"line":178,"column":4},"end":{"line":182,"column":6}},"80":{"start":{"line":179,"column":6},"end":{"line":181,"column":7}},"81":{"start":{"line":180,"column":8},"end":{"line":180,"column":52}},"82":{"start":{"line":185,"column":2},"end":{"line":311,"column":4}}},"fnMap":{"0":{"name":"PersonaOnboarding","decl":{"start":{"line":19,"column":9},"end":{"line":19,"column":26}},"loc":{"start":{"line":19,"column":48},"end":{"line":312,"column":1}},"line":19},"1":{"name":"(anonymous_1)","decl":{"start":{"line":33,"column":12},"end":{"line":33,"column":13}},"loc":{"start":{"line":33,"column":18},"end":{"line":56,"column":3}},"line":33},"2":{"name":"(anonymous_2)","decl":{"start":{"line":34,"column":26},"end":{"line":34,"column":27}},"loc":{"start":{"line":34,"column":38},"end":{"line":53,"column":5}},"line":34},"3":{"name":"(anonymous_3)","decl":{"start":{"line":60,"column":4},"end":{"line":60,"column":5}},"loc":{"start":{"line":60,"column":31},"end":{"line":105,"column":5}},"line":60},"4":{"name":"(anonymous_4)","decl":{"start":{"line":110,"column":27},"end":{"line":110,"column":28}},"loc":{"start":{"line":110,"column":34},"end":{"line":123,"column":3}},"line":110},"5":{"name":"(anonymous_5)","decl":{"start":{"line":120,"column":47},"end":{"line":120,"column":48}},"loc":{"start":{"line":120,"column":53},"end":{"line":122,"column":5}},"line":120},"6":{"name":"(anonymous_6)","decl":{"start":{"line":125,"column":28},"end":{"line":125,"column":29}},"loc":{"start":{"line":125,"column":35},"end":{"line":138,"column":3}},"line":125},"7":{"name":"(anonymous_7)","decl":{"start":{"line":135,"column":47},"end":{"line":135,"column":48}},"loc":{"start":{"line":135,"column":53},"end":{"line":137,"column":5}},"line":135},"8":{"name":"(anonymous_8)","decl":{"start":{"line":140,"column":23},"end":{"line":140,"column":24}},"loc":{"start":{"line":140,"column":30},"end":{"line":167,"column":3}},"line":140},"9":{"name":"(anonymous_9)","decl":{"start":{"line":177,"column":12},"end":{"line":177,"column":13}},"loc":{"start":{"line":177,"column":18},"end":{"line":183,"column":3}},"line":177},"10":{"name":"(anonymous_10)","decl":{"start":{"line":178,"column":11},"end":{"line":178,"column":12}},"loc":{"start":{"line":178,"column":17},"end":{"line":182,"column":5}},"line":178}},"branchMap":{"0":{"loc":{"start":{"line":39,"column":8},"end":{"line":41,"column":9}},"type":"if","locations":[{"start":{"line":39,"column":8},"end":{"line":41,"column":9}},{"start":{},"end":{}}],"line":39},"1":{"loc":{"start":{"line":44,"column":23},"end":{"line":44,"column":72}},"type":"cond-expr","locations":[{"start":{"line":44,"column":54},"end":{"line":44,"column":67}},{"start":{"line":44,"column":70},"end":{"line":44,"column":72}}],"line":44},"2":{"loc":{"start":{"line":69,"column":6},"end":{"line":73,"column":7}},"type":"if","locations":[{"start":{"line":69,"column":6},"end":{"line":73,"column":7}},{"start":{},"end":{}}],"line":69},"3":{"loc":{"start":{"line":69,"column":10},"end":{"line":69,"column":41}},"type":"binary-expr","locations":[{"start":{"line":69,"column":10},"end":{"line":69,"column":20}},{"start":{"line":69,"column":24},"end":{"line":69,"column":41}}],"line":69},"4":{"loc":{"start":{"line":75,"column":6},"end":{"line":79,"column":7}},"type":"if","locations":[{"start":{"line":75,"column":6},"end":{"line":79,"column":7}},{"start":{},"end":{}}],"line":75},"5":{"loc":{"start":{"line":81,"column":6},"end":{"line":85,"column":7}},"type":"if","locations":[{"start":{"line":81,"column":6},"end":{"line":85,"column":7}},{"start":{},"end":{}}],"line":81},"6":{"loc":{"start":{"line":88,"column":6},"end":{"line":92,"column":7}},"type":"if","locations":[{"start":{"line":88,"column":6},"end":{"line":92,"column":7}},{"start":{},"end":{}}],"line":88},"7":{"loc":{"start":{"line":100,"column":6},"end":{"line":102,"column":7}},"type":"if","locations":[{"start":{"line":100,"column":6},"end":{"line":102,"column":7}},{"start":{},"end":{}}],"line":100},"8":{"loc":{"start":{"line":115,"column":4},"end":{"line":117,"column":5}},"type":"if","locations":[{"start":{"line":115,"column":4},"end":{"line":117,"column":5}},{"start":{},"end":{}}],"line":115},"9":{"loc":{"start":{"line":130,"column":4},"end":{"line":132,"column":5}},"type":"if","locations":[{"start":{"line":130,"column":4},"end":{"line":132,"column":5}},{"start":{},"end":{}}],"line":130},"10":{"loc":{"start":{"line":150,"column":4},"end":{"line":153,"column":5}},"type":"if","locations":[{"start":{"line":150,"column":4},"end":{"line":153,"column":5}},{"start":{},"end":{}}],"line":150},"11":{"loc":{"start":{"line":173,"column":20},"end":{"line":173,"column":63}},"type":"binary-expr","locations":[{"start":{"line":173,"column":20},"end":{"line":173,"column":29}},{"start":{"line":173,"column":33},"end":{"line":173,"column":43}},{"start":{"line":173,"column":47},"end":{"line":173,"column":63}}],"line":173},"12":{"loc":{"start":{"line":174,"column":22},"end":{"line":174,"column":78}},"type":"binary-expr","locations":[{"start":{"line":174,"column":22},"end":{"line":174,"column":44}},{"start":{"line":174,"column":48},"end":{"line":174,"column":58}},{"start":{"line":174,"column":62},"end":{"line":174,"column":78}}],"line":174},"13":{"loc":{"start":{"line":179,"column":6},"end":{"line":181,"column":7}},"type":"if","locations":[{"start":{"line":179,"column":6},"end":{"line":181,"column":7}},{"start":{},"end":{}}],"line":179},"14":{"loc":{"start":{"line":195,"column":9},"end":{"line":202,"column":9}},"type":"binary-expr","locations":[{"start":{"line":195,"column":9},"end":{"line":195,"column":22}},{"start":{"line":195,"column":26},"end":{"line":195,"column":42}},{"start":{"line":196,"column":10},"end":{"line":201,"column":16}}],"line":195},"15":{"loc":{"start":{"line":222,"column":16},"end":{"line":224,"column":57}},"type":"cond-expr","locations":[{"start":{"line":223,"column":20},"end":{"line":223,"column":55}},{"start":{"line":224,"column":20},"end":{"line":224,"column":57}}],"line":222},"16":{"loc":{"start":{"line":222,"column":16},"end":{"line":222,"column":45}},"type":"binary-expr","locations":[{"start":{"line":222,"column":16},"end":{"line":222,"column":25}},{"start":{"line":222,"column":29},"end":{"line":222,"column":45}}],"line":222},"17":{"loc":{"start":{"line":228,"column":16},"end":{"line":228,"column":71}},"type":"cond-expr","locations":[{"start":{"line":228,"column":48},"end":{"line":228,"column":59}},{"start":{"line":228,"column":62},"end":{"line":228,"column":71}}],"line":228},"18":{"loc":{"start":{"line":228,"column":16},"end":{"line":228,"column":45}},"type":"binary-expr","locations":[{"start":{"line":228,"column":16},"end":{"line":228,"column":25}},{"start":{"line":228,"column":29},"end":{"line":228,"column":45}}],"line":228},"19":{"loc":{"start":{"line":234,"column":13},"end":{"line":241,"column":13}},"type":"binary-expr","locations":[{"start":{"line":234,"column":13},"end":{"line":234,"column":22}},{"start":{"line":235,"column":14},"end":{"line":240,"column":18}}],"line":234},"20":{"loc":{"start":{"line":242,"column":13},"end":{"line":249,"column":13}},"type":"binary-expr","locations":[{"start":{"line":242,"column":13},"end":{"line":242,"column":29}},{"start":{"line":242,"column":33},"end":{"line":242,"column":43}},{"start":{"line":243,"column":14},"end":{"line":248,"column":18}}],"line":242},"21":{"loc":{"start":{"line":268,"column":18},"end":{"line":268,"column":67}},"type":"cond-expr","locations":[{"start":{"line":268,"column":31},"end":{"line":268,"column":47}},{"start":{"line":268,"column":50},"end":{"line":268,"column":67}}],"line":268},"22":{"loc":{"start":{"line":277,"column":13},"end":{"line":281,"column":13}},"type":"binary-expr","locations":[{"start":{"line":277,"column":13},"end":{"line":277,"column":23}},{"start":{"line":278,"column":14},"end":{"line":280,"column":18}}],"line":277},"23":{"loc":{"start":{"line":289,"column":14},"end":{"line":291,"column":64}},"type":"cond-expr","locations":[{"start":{"line":290,"column":18},"end":{"line":290,"column":75}},{"start":{"line":291,"column":18},"end":{"line":291,"column":64}}],"line":289},"24":{"loc":{"start":{"line":294,"column":14},"end":{"line":296,"column":69}},"type":"cond-expr","locations":[{"start":{"line":295,"column":18},"end":{"line":295,"column":41}},{"start":{"line":296,"column":18},"end":{"line":296,"column":69}}],"line":294},"25":{"loc":{"start":{"line":299,"column":14},"end":{"line":299,"column":78}},"type":"cond-expr","locations":[{"start":{"line":299,"column":26},"end":{"line":299,"column":73}},{"start":{"line":299,"column":76},"end":{"line":299,"column":78}}],"line":299},"26":{"loc":{"start":{"line":302,"column":13},"end":{"line":306,"column":34}},"type":"cond-expr","locations":[{"start":{"line":303,"column":16},"end":{"line":303,"column":28}},{"start":{"line":304,"column":16},"end":{"line":306,"column":34}}],"line":302},"27":{"loc":{"start":{"line":304,"column":16},"end":{"line":306,"column":34}},"type":"cond-expr","locations":[{"start":{"line":305,"column":18},"end":{"line":305,"column":33}},{"start":{"line":306,"column":18},"end":{"line":306,"column":34}}],"line":304}},"s":{"0":18,"1":18,"2":18,"3":18,"4":18,"5":18,"6":18,"7":18,"8":18,"9":18,"10":18,"11":8,"12":8,"13":8,"14":8,"15":8,"16":0,"17":8,"18":8,"19":8,"20":0,"21":0,"22":0,"23":8,"24":8,"25":18,"26":0,"27":0,"28":0,"29":0,"30":0,"31":0,"32":0,"33":0,"34":0,"35":0,"36":0,"37":0,"38":0,"39":0,"40":0,"41":0,"42":0,"43":0,"44":0,"45":0,"46":0,"47":0,"48":0,"49":0,"50":18,"51":4,"52":4,"53":4,"54":0,"55":4,"56":0,"57":18,"58":1,"59":1,"60":1,"61":0,"62":1,"63":0,"64":18,"65":0,"66":0,"67":0,"68":0,"69":0,"70":0,"71":0,"72":0,"73":0,"74":0,"75":0,"76":18,"77":18,"78":18,"79":8,"80":8,"81":5,"82":18},"f":{"0":18,"1":8,"2":8,"3":0,"4":4,"5":0,"6":1,"7":0,"8":0,"9":8,"10":8},"b":{"0":[0,8],"1":[8,0],"2":[0,0],"3":[0,0],"4":[0,0],"5":[0,0],"6":[0,0],"7":[0,0],"8":[0,4],"9":[0,1],"10":[0,0],"11":[18,18,18],"12":[18,8,8],"13":[5,3],"14":[18,0,0],"15":[0,18],"16":[18,18],"17":[0,18],"18":[18,18],"19":[18,0],"20":[18,0,0],"21":[0,18],"22":[18,0],"23":[0,18],"24":[0,18],"25":[0,18],"26":[18,0],"27":[0,0]},"_coverageSchema":"1a1c01bbd47fc00a2c39e90264f33305004495a9","hash":"3237a0181ea4d86b0f7e3d8cf54cecf4d271fff6"}
,"C:\\Users\\Jack\\Documents\\git\\daboyz-calender\\public\\src\\components\\UserLegend.jsx": {"path":"C:\\Users\\Jack\\Documents\\git\\daboyz-calender\\public\\src\\components\\UserLegend.jsx","statementMap":{"0":{"start":{"line":4,"column":2},"end":{"line":6,"column":3}},"1":{"start":{"line":5,"column":4},"end":{"line":5,"column":16}},"2":{"start":{"line":8,"column":2},"end":{"line":24,"column":4}},"3":{"start":{"line":13,"column":10},"end":{"line":20,"column":16}}},"fnMap":{"0":{"name":"UserLegend","decl":{"start":{"line":3,"column":24},"end":{"line":3,"column":34}},"loc":{"start":{"line":3,"column":46},"end":{"line":25,"column":1}},"line":3},"1":{"name":"(anonymous_1)","decl":{"start":{"line":12,"column":19},"end":{"line":12,"column":20}},"loc":{"start":{"line":13,"column":10},"end":{"line":20,"column":16}},"line":13}},"branchMap":{"0":{"loc":{"start":{"line":4,"column":2},"end":{"line":6,"column":3}},"type":"if","locations":[{"start":{"line":4,"column":2},"end":{"line":6,"column":3}},{"start":{},"end":{}}],"line":4}},"s":{"0":0,"1":0,"2":0,"3":0},"f":{"0":0,"1":0},"b":{"0":[0,0]}}
,"C:\\Users\\Jack\\Documents\\git\\daboyz-calender\\public\\src\\components\\UserSelector.jsx": {"path":"C:\\Users\\Jack\\Documents\\git\\daboyz-calender\\public\\src\\components\\UserSelector.jsx","statementMap":{"0":{"start":{"line":4,"column":2},"end":{"line":27,"column":4}},"1":{"start":{"line":15,"column":25},"end":{"line":15,"column":53}},"2":{"start":{"line":21,"column":10},"end":{"line":23,"column":19}}},"fnMap":{"0":{"name":"UserSelector","decl":{"start":{"line":3,"column":24},"end":{"line":3,"column":36}},"loc":{"start":{"line":3,"column":78},"end":{"line":28,"column":1}},"line":3},"1":{"name":"(anonymous_1)","decl":{"start":{"line":15,"column":18},"end":{"line":15,"column":19}},"loc":{"start":{"line":15,"column":25},"end":{"line":15,"column":53}},"line":15},"2":{"name":"(anonymous_2)","decl":{"start":{"line":20,"column":19},"end":{"line":20,"column":20}},"loc":{"start":{"line":21,"column":10},"end":{"line":23,"column":19}},"line":21}},"branchMap":{},"s":{"0":0,"1":0,"2":0},"f":{"0":0,"1":0,"2":0},"b":{}}
,"C:\\Users\\Jack\\Documents\\git\\daboyz-calender\\public\\src\\hooks\\useAvailability.js": {"path":"C:\\Users\\Jack\\Documents\\git\\daboyz-calender\\public\\src\\hooks\\useAvailability.js","statementMap":{"0":{"start":{"line":5,"column":17},"end":{"line":5,"column":23}},"1":{"start":{"line":6,"column":23},"end":{"line":6,"column":26}},"2":{"start":{"line":7,"column":20},"end":{"line":7,"column":24}},"3":{"start":{"line":8,"column":36},"end":{"line":8,"column":40}},"4":{"start":{"line":9,"column":30},"end":{"line":9,"column":36}},"5":{"start":{"line":16,"column":20},"end":{"line":16,"column":22}},"6":{"start":{"line":18,"column":2},"end":{"line":41,"column":3}},"7":{"start":{"line":19,"column":21},"end":{"line":24,"column":5}},"8":{"start":{"line":21,"column":8},"end":{"line":23,"column":32}},"9":{"start":{"line":26,"column":4},"end":{"line":40,"column":5}},"10":{"start":{"line":32,"column":6},"end":{"line":39,"column":9}},"11":{"start":{"line":43,"column":2},"end":{"line":43,"column":19}},"12":{"start":{"line":50,"column":21},"end":{"line":50,"column":42}},"13":{"start":{"line":51,"column":20},"end":{"line":51,"column":67}},"14":{"start":{"line":51,"column":37},"end":{"line":51,"column":55}},"15":{"start":{"line":53,"column":2},"end":{"line":63,"column":3}},"16":{"start":{"line":54,"column":21},"end":{"line":57,"column":6}},"17":{"start":{"line":58,"column":4},"end":{"line":58,"column":28}},"18":{"start":{"line":59,"column":4},"end":{"line":59,"column":20}},"19":{"start":{"line":61,"column":4},"end":{"line":61,"column":28}},"20":{"start":{"line":62,"column":4},"end":{"line":62,"column":16}},"21":{"start":{"line":96,"column":32},"end":{"line":96,"column":44}},"22":{"start":{"line":97,"column":32},"end":{"line":97,"column":46}},"23":{"start":{"line":98,"column":28},"end":{"line":98,"column":42}},"24":{"start":{"line":99,"column":34},"end":{"line":99,"column":48}},"25":{"start":{"line":100,"column":36},"end":{"line":100,"column":48}},"26":{"start":{"line":101,"column":38},"end":{"line":101,"column":53}},"27":{"start":{"line":102,"column":38},"end":{"line":104,"column":3}},"28":{"start":{"line":106,"column":27},"end":{"line":106,"column":39}},"29":{"start":{"line":107,"column":23},"end":{"line":107,"column":35}},"30":{"start":{"line":108,"column":29},"end":{"line":108,"column":41}},"31":{"start":{"line":109,"column":32},"end":{"line":109,"column":44}},"32":{"start":{"line":110,"column":26},"end":{"line":110,"column":38}},"33":{"start":{"line":111,"column":27},"end":{"line":111,"column":39}},"34":{"start":{"line":114,"column":21},"end":{"line":114,"column":37}},"35":{"start":{"line":116,"column":28},"end":{"line":161,"column":13}},"36":{"start":{"line":117,"column":4},"end":{"line":117,"column":23}},"37":{"start":{"line":117,"column":16},"end":{"line":117,"column":23}},"38":{"start":{"line":119,"column":4},"end":{"line":160,"column":5}},"39":{"start":{"line":120,"column":6},"end":{"line":120,"column":23}},"40":{"start":{"line":121,"column":6},"end":{"line":121,"column":21}},"41":{"start":{"line":122,"column":6},"end":{"line":122,"column":23}},"42":{"start":{"line":125,"column":6},"end":{"line":141,"column":7}},"43":{"start":{"line":126,"column":25},"end":{"line":128,"column":9}},"44":{"start":{"line":129,"column":8},"end":{"line":131,"column":9}},"45":{"start":{"line":130,"column":10},"end":{"line":130,"column":78}},"46":{"start":{"line":132,"column":8},"end":{"line":132,"column":37}},"47":{"start":{"line":133,"column":8},"end":{"line":133,"column":29}},"48":{"start":{"line":135,"column":8},"end":{"line":138,"column":10}},"49":{"start":{"line":139,"column":8},"end":{"line":139,"column":52}},"50":{"start":{"line":140,"column":8},"end":{"line":140,"column":28}},"51":{"start":{"line":144,"column":24},"end":{"line":147,"column":7}},"52":{"start":{"line":148,"column":6},"end":{"line":150,"column":7}},"53":{"start":{"line":149,"column":8},"end":{"line":149,"column":32}},"54":{"start":{"line":152,"column":6},"end":{"line":152,"column":37}},"55":{"start":{"line":153,"column":6},"end":{"line":153,"column":48}},"56":{"start":{"line":154,"column":6},"end":{"line":154,"column":44}},"57":{"start":{"line":156,"column":6},"end":{"line":156,"column":28}},"58":{"start":{"line":157,"column":6},"end":{"line":157,"column":57}},"59":{"start":{"line":159,"column":6},"end":{"line":159,"column":24}},"60":{"start":{"line":164,"column":2},"end":{"line":172,"column":33}},"61":{"start":{"line":165,"column":4},"end":{"line":165,"column":43}},"62":{"start":{"line":167,"column":4},"end":{"line":169,"column":23}},"63":{"start":{"line":168,"column":6},"end":{"line":168,"column":26}},"64":{"start":{"line":171,"column":4},"end":{"line":171,"column":56}},"65":{"start":{"line":171,"column":17},"end":{"line":171,"column":55}},"66":{"start":{"line":180,"column":2},"end":{"line":220,"column":26}},"67":{"start":{"line":182,"column":35},"end":{"line":191,"column":5}},"68":{"start":{"line":183,"column":28},"end":{"line":183,"column":52}},"69":{"start":{"line":184,"column":6},"end":{"line":184,"column":35}},"70":{"start":{"line":187,"column":6},"end":{"line":190,"column":7}},"71":{"start":{"line":188,"column":8},"end":{"line":188,"column":84}},"72":{"start":{"line":189,"column":8},"end":{"line":189,"column":28}},"73":{"start":{"line":194,"column":23},"end":{"line":196,"column":5}},"74":{"start":{"line":195,"column":6},"end":{"line":195,"column":30}},"75":{"start":{"line":198,"column":24},"end":{"line":203,"column":5}},"76":{"start":{"line":199,"column":6},"end":{"line":199,"column":31}},"77":{"start":{"line":201,"column":6},"end":{"line":201,"column":83}},"78":{"start":{"line":202,"column":6},"end":{"line":202,"column":26}},"79":{"start":{"line":206,"column":4},"end":{"line":206,"column":74}},"80":{"start":{"line":207,"column":4},"end":{"line":207,"column":48}},"81":{"start":{"line":208,"column":4},"end":{"line":208,"column":50}},"82":{"start":{"line":211,"column":4},"end":{"line":211,"column":59}},"83":{"start":{"line":212,"column":4},"end":{"line":212,"column":41}},"84":{"start":{"line":213,"column":4},"end":{"line":213,"column":43}},"85":{"start":{"line":215,"column":4},"end":{"line":219,"column":6}},"86":{"start":{"line":216,"column":6},"end":{"line":216,"column":79}},"87":{"start":{"line":217,"column":6},"end":{"line":217,"column":53}},"88":{"start":{"line":218,"column":6},"end":{"line":218,"column":55}},"89":{"start":{"line":223,"column":2},"end":{"line":259,"column":46}},"90":{"start":{"line":225,"column":4},"end":{"line":228,"column":5}},"91":{"start":{"line":226,"column":6},"end":{"line":226,"column":48}},"92":{"start":{"line":227,"column":6},"end":{"line":227,"column":40}},"93":{"start":{"line":234,"column":4},"end":{"line":243,"column":5}},"94":{"start":{"line":236,"column":6},"end":{"line":236,"column":27}},"95":{"start":{"line":237,"column":11},"end":{"line":243,"column":5}},"96":{"start":{"line":239,"column":6},"end":{"line":239,"column":47}},"97":{"start":{"line":242,"column":6},"end":{"line":242,"column":53}},"98":{"start":{"line":246,"column":4},"end":{"line":250,"column":5}},"99":{"start":{"line":247,"column":6},"end":{"line":249,"column":27}},"100":{"start":{"line":248,"column":8},"end":{"line":248,"column":28}},"101":{"start":{"line":253,"column":4},"end":{"line":258,"column":6}},"102":{"start":{"line":254,"column":6},"end":{"line":257,"column":7}},"103":{"start":{"line":255,"column":8},"end":{"line":255,"column":50}},"104":{"start":{"line":256,"column":8},"end":{"line":256,"column":42}},"105":{"start":{"line":261,"column":29},"end":{"line":317,"column":3}},"106":{"start":{"line":263,"column":6},"end":{"line":314,"column":7}},"107":{"start":{"line":265,"column":8},"end":{"line":287,"column":9}},"108":{"start":{"line":266,"column":27},"end":{"line":270,"column":12}},"109":{"start":{"line":272,"column":10},"end":{"line":276,"column":11}},"110":{"start":{"line":273,"column":12},"end":{"line":275,"column":14}},"111":{"start":{"line":278,"column":10},"end":{"line":278,"column":39}},"112":{"start":{"line":279,"column":10},"end":{"line":279,"column":31}},"113":{"start":{"line":281,"column":10},"end":{"line":284,"column":12}},"114":{"start":{"line":285,"column":10},"end":{"line":285,"column":69}},"115":{"start":{"line":286,"column":10},"end":{"line":286,"column":30}},"116":{"start":{"line":290,"column":8},"end":{"line":298,"column":9}},"117":{"start":{"line":291,"column":10},"end":{"line":291,"column":47}},"118":{"start":{"line":292,"column":15},"end":{"line":298,"column":9}},"119":{"start":{"line":293,"column":10},"end":{"line":297,"column":12}},"120":{"start":{"line":295,"column":21},"end":{"line":295,"column":79}},"121":{"start":{"line":300,"column":8},"end":{"line":300,"column":46}},"122":{"start":{"line":304,"column":8},"end":{"line":307,"column":16}},"123":{"start":{"line":305,"column":10},"end":{"line":305,"column":93}},"124":{"start":{"line":306,"column":10},"end":{"line":306,"column":30}},"125":{"start":{"line":309,"column":8},"end":{"line":309,"column":20}},"126":{"start":{"line":311,"column":8},"end":{"line":311,"column":30}},"127":{"start":{"line":312,"column":8},"end":{"line":312,"column":59}},"128":{"start":{"line":313,"column":8},"end":{"line":313,"column":18}},"129":{"start":{"line":319,"column":29},"end":{"line":367,"column":3}},"130":{"start":{"line":321,"column":6},"end":{"line":364,"column":7}},"131":{"start":{"line":322,"column":8},"end":{"line":344,"column":9}},"132":{"start":{"line":323,"column":27},"end":{"line":328,"column":11}},"133":{"start":{"line":330,"column":10},"end":{"line":334,"column":11}},"134":{"start":{"line":331,"column":12},"end":{"line":333,"column":14}},"135":{"start":{"line":336,"column":10},"end":{"line":336,"column":31}},"136":{"start":{"line":338,"column":10},"end":{"line":341,"column":12}},"137":{"start":{"line":342,"column":10},"end":{"line":342,"column":62}},"138":{"start":{"line":343,"column":10},"end":{"line":343,"column":30}},"139":{"start":{"line":347,"column":8},"end":{"line":351,"column":10}},"140":{"start":{"line":349,"column":19},"end":{"line":349,"column":77}},"141":{"start":{"line":352,"column":8},"end":{"line":352,"column":46}},"142":{"start":{"line":356,"column":8},"end":{"line":359,"column":16}},"143":{"start":{"line":357,"column":10},"end":{"line":357,"column":93}},"144":{"start":{"line":358,"column":10},"end":{"line":358,"column":30}},"145":{"start":{"line":361,"column":8},"end":{"line":361,"column":30}},"146":{"start":{"line":362,"column":8},"end":{"line":362,"column":59}},"147":{"start":{"line":363,"column":8},"end":{"line":363,"column":18}},"148":{"start":{"line":369,"column":2},"end":{"line":379,"column":4}}},"fnMap":{"0":{"name":"detectConflicts","decl":{"start":{"line":15,"column":9},"end":{"line":15,"column":24}},"loc":{"start":{"line":15,"column":59},"end":{"line":44,"column":1}},"line":15},"1":{"nam
[...]
lumn":1}},"line":100},"4":{"name":"(anonymous_4)","decl":{"start":{"line":122,"column":23},"end":{"line":122,"column":24}},"loc":{"start":{"line":122,"column":44},"end":{"line":127,"column":3}},"line":122},"5":{"name":"(anonymous_5)","decl":{"start":{"line":134,"column":19},"end":{"line":134,"column":20}},"loc":{"start":{"line":134,"column":30},"end":{"line":136,"column":3}},"line":134},"6":{"name":"(anonymous_6)","decl":{"start":{"line":143,"column":12},"end":{"line":143,"column":13}},"loc":{"start":{"line":143,"column":21},"end":{"line":151,"column":3}},"line":143},"7":{"name":"(anonymous_7)","decl":{"start":{"line":164,"column":14},"end":{"line":164,"column":15}},"loc":{"start":{"line":164,"column":40},"end":{"line":166,"column":3}},"line":164}},"branchMap":{"0":{"loc":{"start":{"line":68,"column":2},"end":{"line":68,"column":50}},"type":"if","locations":[{"start":{"line":68,"column":2},"end":{"line":68,"column":50}},{"start":{},"end":{}}],"line":68},"1":{"loc":{"start":{"line":77,"column":2},"end":{"line":77,"column":62}},"type":"if","locations":[{"start":{"line":77,"column":2},"end":{"line":77,"column":62}},{"start":{},"end":{}}],"line":77},"2":{"loc":{"start":{"line":80,"column":2},"end":{"line":80,"column":28}},"type":"if","locations":[{"start":{"line":80,"column":2},"end":{"line":80,"column":28}},{"start":{},"end":{}}],"line":80},"3":{"loc":{"start":{"line":82,"column":9},"end":{"line":84,"column":23}},"type":"cond-expr","locations":[{"start":{"line":83,"column":6},"end":{"line":83,"column":22}},{"start":{"line":84,"column":6},"end":{"line":84,"column":23}}],"line":82},"4":{"loc":{"start":{"line":92,"column":2},"end":{"line":92,"column":44}},"type":"if","locations":[{"start":{"line":92,"column":2},"end":{"line":92,"column":44}},{"start":{},"end":{}}],"line":92},"5":{"loc":{"start":{"line":101,"column":2},"end":{"line":101,"column":46}},"type":"if","locations":[{"start":{"line":101,"column":2},"end":{"line":101,"column":46}},{"start":{},"end":{}}],"line":101},"6":{"loc":{"start":{"line":104,"column":2},"end":{"line":108,"column":3}},"type":"if","locations":[{"start":{"line":104,"column":2},"end":{"line":108,"column":3}},{"start":{"line":106,"column":9},"end":{"line":108,"column":3}}],"line":104},"7":{"loc":{"start":{"line":145,"column":4},"end":{"line":145,"column":29}},"type":"if","locations":[{"start":{"line":145,"column":4},"end":{"line":145,"column":29}},{"start":{},"end":{}}],"line":145}},"s":{"0":2,"1":2,"2":2,"3":2,"4":2,"5":2,"6":2,"7":14,"8":0,"9":14,"10":2,"11":30,"12":0,"13":30,"14":30,"15":18,"16":12,"17":2,"18":31,"19":0,"20":31,"21":2,"22":32,"23":0,"24":32,"25":32,"26":15,"27":17,"28":2,"29":2,"30":11,"31":6,"32":6,"33":2,"34":4,"35":2,"36":0,"37":2,"38":2},"f":{"0":14,"1":30,"2":31,"3":32,"4":2,"5":11,"6":6,"7":0},"b":{"0":[0,14],"1":[0,30],"2":[18,12],"3":[0,12],"4":[0,31],"5":[0,32],"6":[15,17],"7":[2,4]},"_coverageSchema":"1a1c01bbd47fc00a2c39e90264f33305004495a9","hash":"114d4aaf49cb3505fbc627b877e6b5ffaca22094"}
,"C:\\Users\\Jack\\Documents\\git\\daboyz-calender\\public\\src\\utils\\truncate.js": {"path":"C:\\Users\\Jack\\Documents\\git\\daboyz-calender\\public\\src\\utils\\truncate.js","statementMap":{"0":{"start":{"line":15,"column":35},"end":{"line":42,"column":1}},"1":{"start":{"line":16,"column":2},"end":{"line":22,"column":3}},"2":{"start":{"line":17,"column":4},"end":{"line":21,"column":6}},"3":{"start":{"line":24,"column":18},"end":{"line":24,"column":29}},"4":{"start":{"line":26,"column":2},"end":{"line":32,"column":3}},"5":{"start":{"line":27,"column":4},"end":{"line":31,"column":6}},"6":{"start":{"line":35,"column":20},"end":{"line":35,"column":63}},"7":{"start":{"line":37,"column":2},"end":{"line":41,"column":4}},"8":{"start":{"line":53,"column":38},"end":{"line":88,"column":1}},"9":{"start":{"line":58,"column":2},"end":{"line":64,"column":3}},"10":{"start":{"line":59,"column":4},"end":{"line":63,"column":6}},"11":{"start":{"line":66,"column":18},"end":{"line":66,"column":29}},"12":{"start":{"line":68,"column":2},"end":{"line":74,"column":3}},"13":{"start":{"line":69,"column":4},"end":{"line":73,"column":6}},"14":{"start":{"line":77,"column":24},"end":{"line":77,"column":75}},"15":{"start":{"line":79,"column":4},"end":{"line":79,"column":65}},"16":{"start":{"line":81,"column":20},"end":{"line":81,"column":68}},"17":{"start":{"line":83,"column":2},"end":{"line":87,"column":4}},"18":{"start":{"line":100,"column":30},"end":{"line":109,"column":1}},"19":{"start":{"line":101,"column":47},"end":{"line":101,"column":54}},"20":{"start":{"line":103,"column":2},"end":{"line":105,"column":3}},"21":{"start":{"line":104,"column":4},"end":{"line":104,"column":16}},"22":{"start":{"line":107,"column":17},"end":{"line":107,"column":53}},"23":{"start":{"line":108,"column":2},"end":{"line":108,"column":26}},"24":{"start":{"line":119,"column":41},"end":{"line":138,"column":1}},"25":{"start":{"line":120,"column":29},"end":{"line":120,"column":36}},"26":{"start":{"line":122,"column":21},"end":{"line":122,"column":65}},"27":{"start":{"line":124,"column":2},"end":{"line":137,"column":4}},"28":{"start":{"line":149,"column":33},"end":{"line":184,"column":1}},"29":{"start":{"line":150,"column":2},"end":{"line":159,"column":3}},"30":{"start":{"line":151,"column":4},"end":{"line":158,"column":6}},"31":{"start":{"line":161,"column":16},"end":{"line":161,"column":31}},"32":{"start":{"line":162,"column":20},"end":{"line":164,"column":54}},"33":{"start":{"line":164,"column":16},"end":{"line":164,"column":53}},"34":{"start":{"line":165,"column":20},"end":{"line":165,"column":46}},"35":{"start":{"line":166,"column":25},"end":{"line":166,"column":41}},"36":{"start":{"line":168,"column":15},"end":{"line":168,"column":20}},"37":{"start":{"line":169,"column":16},"end":{"line":169,"column":62}},"38":{"start":{"line":169,"column":37},"end":{"line":169,"column":50}},"39":{"start":{"line":171,"column":2},"end":{"line":174,"column":3}},"40":{"start":{"line":172,"column":4},"end":{"line":172,"column":27}},"41":{"start":{"line":173,"column":4},"end":{"line":173,"column":42}},"42":{"start":{"line":176,"column":2},"end":{"line":183,"column":4}},"43":{"start":{"line":178,"column":36},"end":{"line":178,"column":73}}},"fnMap":{"0":{"name":"(anonymous_0)","decl":{"start":{"line":15,"column":35},"end":{"line":15,"column":36}},"loc":{"start":{"line":15,"column":61},"end":{"line":42,"column":1}},"line":15},"1":{"name":"(anonymous_1)","decl":{"start":{"line":53,"column":38},"end":{"line":53,"column":39}},"loc":{"start":{"line":57,"column":5},"end":{"line":88,"column":1}},"line":57},"2":{"name":"(anonymous_2)","decl":{"start":{"line":100,"column":30},"end":{"line":100,"column":31}},"loc":{"start":{"line":100,"column":54},"end":{"line":109,"column":1}},"line":100},"3":{"name":"(anonymous_3)","decl":{"start":{"line":119,"column":41},"end":{"line":119,"column":42}},"loc":{"start":{"line":119,"column":68},"end":{"line":138,"column":1}},"line":119},"4":{"name":"(anonymous_4)","decl":{"start":{"line":149,"column":33},"end":{"line":149,"column":34}},"loc":{"start":{"line":149,"column":77},"end":{"line":184,"column":1}},"line":149},"5":{"name":"(anonymous_5)","decl":{"start":{"line":164,"column":9},"end":{"line":164,"column":10}},"loc":{"start":{"line":164,"column":16},"end":{"line":164,"column":53}},"line":164},"6":{"name":"(anonymous_6)","decl":{"start":{"line":169,"column":30},"end":{"line":169,"column":31}},"loc":{"start":{"line":169,"column":37},"end":{"line":169,"column":50}},"line":169},"7":{"name":"(anonymous_7)","decl":{"start":{"line":178,"column":29},"end":{"line":178,"column":30}},"loc":{"start":{"line":178,"column":36},"end":{"line":178,"column":73}},"line":178}},"branchMap":{"0":{"loc":{"start":{"line":15,"column":42},"end":{"line":15,"column":56}},"type":"default-arg","locations":[{"start":{"line":15,"column":54},"end":{"line":15,"column":56}}],"line":15},"1":{"loc":{"start":{"line":16,"column":2},"end":{"line":22,"column":3}},"type":"if","locations":[{"start":{"line":16,"column":2},"end":{"line":22,"column":3}},{"start":{},"end":{}}],"line":16},"2":{"loc":{"start":{"line":16,"column":6},"end":{"line":16,"column":39}},"type":"binary-expr","locations":[{"start":{"line":16,"column":6},"end":{"line":16,"column":11}},{"start":{"line":16,"column":15},"end":{"line":16,"column":39}}],"line":16},"3":{"loc":{"start":{"line":18,"column":16},"end":{"line":18,"column":26}},"type":"binary-expr","locations":[{"start":{"line":18,"column":16},"end":{"line":18,"column":20}},{"start":{"line":18,"column":24},"end":{"line":18,"column":26}}],"line":18},"4":{"loc":{"start":{"line":19,"column":17},"end":{"line":19,"column":27}},"type":"binary-expr","locations":[{"start":{"line":19,"column":17},"end":{"line":19,"column":21}},{"start":{"line":19,"column":25},"end":{"line":19,"column":27}}],"line":19},"5":{"loc":{"start":{"line":26,"column":2},"end":{"line":32,"column":3}},"type":"if","locations":[{"start":{"line":26,"column":2},"end":{"line":32,"column":3}},{"start":{},"end":{}}],"line":26},"6":{"loc":{"start":{"line":55,"column":2},"end":{"line":55,"column":16}},"type":"default-arg","locations":[{"start":{"line":55,"column":14},"end":{"line":55,"column":16}}],"line":55},"7":{"loc":{"start":{"line":56,"column":2},"end":{"line":56,"column":16}},"type":"default-arg","locations":[{"start":{"line":56,"column":11},"end":{"line":56,"column":16}}],"line":56},"8":{"loc":{"start":{"line":58,"column":2},"end":{"line":64,"column":3}},"type":"if","locations":[{"start":{"line":58,"column":2},"end":{"line":64,"column":3}},{"start":{},"end":{}}],"line":58},"9":{"loc":{"start":{"line":58,"column":6},"end":{"line":58,"column":39}},"type":"binary-expr","locations":[{"start":{"line":58,"column":6},"end":{"line":58,"column":11}},{"start":{"line":58,"column":15},"end":{"line":58,"column":39}}],"line":58},"10":{"loc":{"start":{"line":60,"column":16},"end":{"line":60,"column":26}},"type":"binary-expr","locations":[{"start":{"line":60,"column":16},"end":{"line":60,"column":20}},{"start":{"line":60,"column":24},"end":{"line":60,"column":26}}],"line":60},"11":{"loc":{"start":{"line":61,"column":17},"end":{"line":61,"column":27}},"type":"binary-expr","locations":[{"start":{"line":61,"column":17},"end":{"line":61,"column":21}},{"start":{"line":61,"column":25},"end":{"line":61,"column":27}}],"line":61},"12":{"loc":{"start":{"line":68,"column":2},"end":{"line":74,"column":3}},"type":"if","locations":[{"start":{"line":68,"column":2},"end":{"line":74,"column":3}},{"start":{},"end":{}}],"line":68},"13":{"loc":{"start":{"line":79,"column":4},"end":{"line":79,"column":65}},"type":"cond-expr","locations":[{"start":{"line":79,"column":24},"end":{"line":79,"column":37}},{"start":{"line":79,"column":40},"end":{"line":79,"column":65}}],"line":79},"14":{"loc":{"start":{"line":100,"column":37},"end":{"line":100,"column":49}},"type":"default-arg","locations":[{"start":{"line":100,"column":47},"end":{"line":100,"column":49}}],"line":100},"15":{"loc":{"start":{"line":101,"column":10},"end":{"line":101,"column":24}},"type":"default-arg","locations":[{"start":{"line":101,"column":22},"end":{"line":101,"column":24}}],"line":101},"16":{"loc":{"start":{"line":101,"column":26},"end":{"line":101,"column":42}},"type":"default-arg","locations":[{"start":{"line":101,"column":37},"end":{"line":101,"column":42}}],"line":101},"17":{"loc":{"start":{"line":103,"column":2},"end":{"line":105,"column":3}},"type":"if","locations":[{"start":{"line":103,"column":2},"end":{"line":105,"column":3}},{"start":{},"end":{}}],"line":103},"18":{"loc":{"start":{"line":119,"column":51},"end":{"line":119,"column":63}},"type":"default-arg","locations":[{"start":{"line":119,"column":61},"end":{"line":119,"column":63}}],"line":119},"19":{"loc":{"start":{"line":120,"column":10},"end":{"line":120,"column":24}},"type":"default-arg","locations":[{"start":{"line":120,"column":22},"end":{"line":120,"column":24}}],"line":120},"20":{"loc":{"start":{"line":149,"column":44},"end":{"line":149,"column":58}},"type":"default-arg","locations":[{"start":{"line":149,"column":57},"end":{"line":149,"column":58}}],"line":149},"21":{"loc":{"start":{"line":149,"column":60},"end":{"line":149,"column":72}},"type":"default-arg","locations":[{"start":{"line":149,"column":70},"end":{"line":149,"column":72}}],"line":149},"22":{"loc":{"start":{"line":150,"column":2},"end":{"line":159,"column":3}},"type":"if","locations":[{"start":{"line":150,"column":2},"end":{"line":159,"column":3}},{"start":{},"end":{}}],"line":150},"23":{"loc":{"start":{"line":150,"column":6},"end":{"line":150,"column":55}},"type":"binary-expr","locations":[{"start":{"line":150,"column":6},"end":{"line":150,"column":30}},{"start":{"line":150,"column":34},"end":{"line":150,"column":55}}],"line":150},"24":{"loc":{"start":{"line":171,"column":2},"end":{"line":174,"column":3}},"type":"if","locations":[{"start":{"line":171,"column":2},"end":{"line":174,"column":3}},{"start":{},"end":{}}],"line":171}},"s":{"0":1,"1":34,"2":2,"3":32,"4":32,"5":25,"6":7,"7":7,"8":1,"9":3,"10":0,"11":3,"12":3,"13":1,"14":2,"15":2,"16":2,"17":2,"18":1,"19":3,"20":3,"21":1,"22":2,"23":2,"24":1,"25":22,"26":22,"27":22,"28":1,"29":8,"30":2,"31":6,"32":6,"33":13,"34":6,"35":6,"36":6,"37":6,"38":13,"39":6,"40":4,"41":4,"42":6,"43":5},"f":{"0":34,"1":3,"2":3,"3":22,"4":8,"5":13,"6":13,"7":5},"b":{"0":[4],"1":[2,32],"2":[34,32],"3":[2,2],"4":[2,2],"5":[25,7],"6":[0],"7":[2],"8":[0,3],"9":[3,3],"10":[0,0],"11":[0,0],"12":[1,2],"13":[1,1],"14":[0],"15":[1],"16":[2],"17":[1,2],"18":[3],"19":[21],"20":[2],"21":[8],"22":[2,6],"23":[8,7],"24":[4,2]},"_coverageSchema":"1a1c01bbd47fc00a2c39e90264f33305004495a9","hash":"93062780ede67ad3f47501e94fe42b93064f2efd"}
,"C:\\Users\\Jack\\Documents\\git\\daboyz-calender\\public\\src\\utils\\validation.js": {"path":"C:\\Users\\Jack\\Documents\\git\\daboyz-calender\\public\\src\\utils\\validation.js","statementMap":{"0":{"start":{"line":12,"column":2},"end":{"line":14,"column":3}},"1":{"start":{"line":13,"column":4},"end":{"line":13,"column":17}},"2":{"start":{"line":16,"column":24},"end":{"line":16,"column":61}},"3":{"start":{"line":17,"column":2},"end":{"line":17,"column":35}},"4":{"start":{"line":27,"column":2},"end":{"line":29,"column":3}},"5":{"start":{"line":28,"column":4},"end":{"line":28,"column":14}},"6":{"start":{"line":30,"column":2},"end":{"line":30,"column":35}},"7":{"start":{"line":48,"column":2},"end":{"line":54,"column":3}},"8":{"start":{"line":49,"column":4},"end":{"line":53,"column":6}},"9":{"start":{"line":56,"column":2},"end":{"line":62,"column":3}},"10":{"start":{"line":57,"column":4},"end":{"line":61,"column":6}},"11":{"start":{"line":64,"column":2},"end":{"line":70,"column":3}},"12":{"start":{"line":65,"column":4},"end":{"line":69,"column":6}},"13":{"start":{"line":73,"column":28},"end":{"line":73,"column":54}},"14":{"start":{"line":74,"column":29},"end":{"line":74,"column":65}},"15":{"start":{"line":77,"column":2},"end":{"line":101,"column":3}},"16":{"start":{"line":78,"column":4},"end":{"line":100,"column":5}},"17":{"start":{"line":79,"column":37},"end":{"line":81,"column":7}},"18":{"start":{"line":82,"column":38},"end":{"line":84,"column":25}},"19":{"start":{"line":87,"column":6},"end":{"line":99,"column":7}},"20":{"start":{"line":91,"column":8},"end":{"line":98,"column":10}},"21":{"start":{"line":104,"column":2},"end":{"line":108,"column":4}}},"fnMap":{"0":{"name":"isValidHexColor","decl":{"start":{"line":11,"column":16},"end":{"line":11,"column":31}},"loc":{"start":{"line":11,"column":39},"end":{"line":18,"column":1}},"line":11},"1":{"name":"normalizePersonaName","decl":{"start":{"line":26,"column":16},"end":{"line":26,"column":36}},"loc":{"start":{"line":26,"column":43},"end":{"line":31,"column":1}},"line":26},"2":{"name":"validatePersonaUniqueness","decl":{"start":{"line":46,"column":16},"end":{"line":46,"column":41}},"loc":{"start":{"line":46,"column":73},"end":{"line":109,"column":1}},"line":46}},"branchMap":{"0":{"loc":{"start":{"line":12,"column":2},"end":{"line":14,"column":3}},"type":"if","locations":[{"start":{"line":12,"column":2},"end":{"line":14,"column":3}},{"start":{},"end":{}}],"line":12},"1":{"loc":{"start":{"line":12,"column":6},"end":{"line":12,"column":41}},"type":"binary-expr","locations":[{"start":{"line":12,"column":6},"end":{"line":12,"column":12}},{"start":{"line":12,"column":16},"end":{"line":12,"column":41}}],"line":12},"2":{"loc":{"start":{"line":27,"column":2},"end":{"line":29,"column":3}},"type":"if","locations":[{"start":{"line":27,"column":2},"end":{"line":29,"column":3}},{"start":{},"end":{}}],"line":27},"3":{"loc":{"start":{"line":27,"column":6},"end":{"line":27,"column":39}},"type":"binary-expr","locations":[{"start":{"line":27,"column":6},"end":{"line":27,"column":11}},{"start":{"line":27,"column":15},"end":{"line":27,"column":39}}],"line":27},"4":{"loc":{"start":{"line":46,"column":55},"end":{"line":46,"column":71}},"type":"default-arg","locations":[{"start":{"line":46,"column":69},"end":{"line":46,"column":71}}],"line":46},"5":{"loc":{"start":{"line":48,"column":2},"end":{"line":54,"column":3}},"type":"if","locations":[{"start":{"line":48,"column":2},"end":{"line":54,"column":3}},{"start":{},"end":{}}],"line":48},"6":{"loc":{"start":{"line":48,"column":6},"end":{"line":48,"column":39}},"type":"binary-expr","locations":[{"start":{"line":48,"column":6},"end":{"line":48,"column":11}},{"start":{"line":48,"column":15},"end":{"line":48,"column":39}}],"line":48},"7":{"loc":{"start":{"line":56,"column":2},"end":{"line":62,"column":3}},"type":"if","locations":[{"start":{"line":56,"column":2},"end":{"line":62,"column":3}},{"start":{},"end":{}}],"line":56},"8":{"loc":{"start":{"line":56,"column":6},"end":{"line":56,"column":41}},"type":"binary-expr","locations":[{"start":{"line":56,"column":6},"end":{"line":56,"column":12}},{"start":{"line":56,"column":16},"end":{"line":56,"column":41}}],"line":56},"9":{"loc":{"start":{"line":64,"column":2},"end":{"line":70,"column":3}},"type":"if","locations":[{"start":{"line":64,"column":2},"end":{"line":70,"column":3}},{"start":{},"end":{}}],"line":64},"10":{"loc":{"start":{"line":77,"column":2},"end":{"line":101,"column":3}},"type":"if","locations":[{"start":{"line":77,"column":2},"end":{"line":101,"column":3}},{"start":{},"end":{}}],"line":77},"11":{"loc":{"start":{"line":77,"column":6},"end":{"line":77,"column":58}},"type":"binary-expr","locations":[{"start":{"line":77,"column":6},"end":{"line":77,"column":32}},{"start":{"line":77,"column":36},"end":{"line":77,"column":58}}],"line":77},"12":{"loc":{"start":{"line":80,"column":8},"end":{"line":80,"column":34}},"type":"binary-expr","locations":[{"start":{"line":80,"column":8},"end":{"line":80,"column":28}},{"start":{"line":80,"column":32},"end":{"line":80,"column":34}}],"line":80},"13":{"loc":{"start":{"line":82,"column":39},"end":{"line":82,"column":66}},"type":"binary-expr","locations":[{"start":{"line":82,"column":39},"end":{"line":82,"column":60}},{"start":{"line":82,"column":64},"end":{"line":82,"column":66}}],"line":82},"14":{"loc":{"start":{"line":87,"column":6},"end":{"line":99,"column":7}},"type":"if","locations":[{"start":{"line":87,"column":6},"end":{"line":99,"column":7}},{"start":{},"end":{}}],"line":87},"15":{"loc":{"start":{"line":88,"column":8},"end":{"line":89,"column":54}},"type":"binary-expr","locations":[{"start":{"line":88,"column":8},"end":{"line":88,"column":52}},{"start":{"line":89,"column":8},"end":{"line":89,"column":54}}],"line":88}},"s":{"0":28,"1":5,"2":23,"3":23,"4":44,"5":6,"6":38,"7":16,"8":1,"9":15,"10":1,"11":14,"12":1,"13":13,"14":13,"15":13,"16":11,"17":20,"18":20,"19":20,"20":7,"21":6},"f":{"0":28,"1":44,"2":16},"b":{"0":[5,23],"1":[28,25],"2":[6,38],"3":[44,38],"4":[1],"5":[1,15],"6":[16,15],"7":[1,14],"8":[15,14],"9":[1,13],"10":[11,2],"11":[13,13],"12":[20,3],"13":[20,1],"14":[7,13],"15":[20,8]},"_coverageSchema":"1a1c01bbd47fc00a2c39e90264f33305004495a9","hash":"3dfac39fb1c182f70f33839ae850d89053bd3ae1"}
}
