TN:
SF:public\src\api\client.js
FN:11,(anonymous_0)
FN:18,(anonymous_1)
FN:21,(anonymous_2)
FN:38,(anonymous_3)
FN:59,(anonymous_4)
FN:70,(anonymous_5)
FN:74,(anonymous_6)
FN:81,(anonymous_7)
FN:85,(anonymous_8)
FN:91,(anonymous_9)
FN:96,(anonymous_10)
FNF:11
FNH:9
FNDA:1,(anonymous_0)
FNDA:12,(anonymous_1)
FNDA:0,(anonymous_2)
FNDA:0,(anonymous_3)
FNDA:1,(anonymous_4)
FNDA:2,(anonymous_5)
FNDA:2,(anonymous_6)
FNDA:3,(anonymous_7)
FNDA:1,(anonymous_8)
FNDA:2,(anonymous_9)
FNDA:1,(anonymous_10)
DA:6,1
DA:7,1
DA:8,1
DA:12,1
DA:19,12
DA:20,12
DA:21,12
DA:23,12
DA:24,12
DA:35,11
DA:37,11
DA:38,1
DA:39,1
DA:40,1
DA:41,1
DA:42,1
DA:46,10
DA:47,2
DA:50,8
DA:52,2
DA:55,2
DA:59,1
DA:60,1
DA:62,1
DA:65,1
DA:71,2
DA:75,2
DA:82,3
DA:86,1
DA:92,2
DA:97,1
DA:102,1
LF:32
LH:32
BRDA:11,0,0,1
BRDA:18,1,0,8
BRDA:18,2,0,11
BRDA:30,3,0,3
BRDA:30,3,1,9
BRDA:37,4,0,1
BRDA:37,4,1,10
BRDA:39,5,0,1
BRDA:39,5,1,0
BRDA:46,6,0,2
BRDA:46,6,1,8
BRDA:55,7,0,1
BRDA:55,7,1,1
BRDA:56,8,0,2
BRDA:56,8,1,2
BRDA:56,8,2,2
BRF:16
BRH:15
end_of_record
TN:
SF:public\src\api\mock.js
FN:12,initializeStorage
FN:23,(anonymous_1)
FN:28,(anonymous_2)
FN:32,(anonymous_3)
FN:40,(anonymous_4)
FN:65,(anonymous_5)
FN:73,(anonymous_6)
FN:84,(anonymous_7)
FN:93,(anonymous_8)
FN:94,(anonymous_9)
FN:105,(anonymous_10)
FNF:11
FNH:2
FNDA:4,initializeStorage
FNDA:4,(anonymous_1)
FNDA:0,(anonymous_2)
FNDA:0,(anonymous_3)
FNDA:0,(anonymous_4)
FNDA:0,(anonymous_5)
FNDA:0,(anonymous_6)
FNDA:0,(anonymous_7)
FNDA:0,(anonymous_8)
FNDA:0,(anonymous_9)
FNDA:0,(anonymous_10)
DA:6,2
DA:13,4
DA:14,3
DA:16,4
DA:17,3
DA:21,2
DA:24,4
DA:25,4
DA:28,4
DA:29,4
DA:33,0
DA:34,0
DA:39,0
DA:40,0
DA:43,0
DA:45,0
DA:46,0
DA:47,0
DA:50,0
DA:51,0
DA:59,0
DA:60,0
DA:61,0
DA:66,0
DA:67,0
DA:72,0
DA:73,0
DA:76,0
DA:77,0
DA:78,0
DA:79,0
DA:81,0
DA:85,0
DA:86,0
DA:91,0
DA:92,0
DA:93,0
DA:95,0
DA:96,0
DA:97,0
DA:101,0
DA:102,0
DA:106,0
LF:43
LH:10
BRDA:13,0,0,3
BRDA:13,0,1,1
BRDA:16,1,0,3
BRDA:16,1,1,1
BRDA:26,2,0,4
BRDA:26,2,1,0
BRDA:35,3,0,0
BRDA:35,3,1,0
BRDA:40,4,0,0
BRDA:40,4,1,0
BRDA:40,4,2,0
BRDA:43,5,0,0
BRDA:43,5,1,0
BRDA:68,6,0,0
BRDA:68,6,1,0
BRDA:73,7,0,0
BRDA:73,7,1,0
BRDA:73,7,2,0
BRDA:76,8,0,0
BRDA:76,8,1,0
BRDA:87,9,0,0
BRDA:87,9,1,0
BRDA:96,10,0,0
BRDA:96,10,1,0
BRF:24
BRH:5
end_of_record
TN:
SF:public\src\components\AvailabilityBadge.jsx
FN:4,AvailabilityBadge
FN:19,(anonymous_1)
FN:30,(anonymous_2)
FN:44,(anonymous_3)
FN:53,(anonymous_4)
FNF:5
FNH:0
FNDA:0,AvailabilityBadge
FNDA:0,(anonymous_1)
FNDA:0,(anonymous_2)
FNDA:0,(anonymous_3)
FNDA:0,(anonymous_4)
DA:10,0
DA:12,0
DA:13,0
DA:16,0
DA:17,0
DA:19,0
DA:20,0
DA:21,0
DA:25,0
DA:31,0
DA:32,0
DA:33,0
DA:45,0
DA:50,0
DA:54,0
DA:55,0
LF:16
LH:0
BRDA:8,0,0,0
BRDA:12,1,0,0
BRDA:12,1,1,0
BRDA:12,2,0,0
BRDA:12,2,1,0
BRDA:20,3,0,0
BRDA:20,3,1,0
BRDA:29,4,0,0
BRDA:29,4,1,0
BRDA:31,5,0,0
BRDA:31,5,1,0
BRDA:31,6,0,0
BRDA:31,6,1,0
BRDA:31,6,2,0
BRDA:36,7,0,0
BRDA:36,7,1,0
BRDA:37,8,0,0
BRDA:37,8,1,0
BRDA:39,9,0,0
BRDA:39,9,1,0
BRDA:60,10,0,0
BRDA:60,10,1,0
BRDA:64,11,0,0
BRDA:64,11,1,0
BRDA:74,12,0,0
BRDA:74,12,1,0
BRDA:80,13,0,0
BRDA:80,13,1,0
BRF:28
BRH:0
end_of_record
TN:
SF:public\src\components\AvailabilityModal.jsx
FN:22,AvailabilityModal
FN:38,(anonymous_1)
FN:85,(anonymous_2)
FN:170,(anonymous_3)
FN:194,(anonymous_4)
FNF:5
FNH:0
FNDA:0,AvailabilityModal
FNDA:0,(anonymous_1)
FNDA:0,(anonymous_2)
FNDA:0,(anonymous_3)
FNDA:0,(anonymous_4)
DA:30,0
DA:31,0
DA:32,0
DA:35,0
DA:38,0
DA:39,0
DA:41,0
DA:42,0
DA:48,0
DA:49,0
DA:53,0
DA:59,0
DA:60,0
DA:86,0
DA:109,0
DA:171,0
DA:195,0
LF:17
LH:0
BRDA:25,0,0,0
BRDA:27,1,0,0
BRDA:28,2,0,0
BRDA:35,3,0,0
BRDA:35,3,1,0
BRDA:39,4,0,0
BRDA:39,4,1,0
BRDA:39,5,0,0
BRDA:39,5,1,0
BRDA:39,5,2,0
BRDA:48,6,0,0
BRDA:48,6,1,0
BRDA:48,7,0,0
BRDA:48,7,1,0
BRDA:59,8,0,0
BRDA:59,8,1,0
BRDA:66,9,0,0
BRDA:66,9,1,0
BRDA:96,10,0,0
BRDA:96,10,1,0
BRDA:98,11,0,0
BRDA:98,11,1,0
BRDA:127,12,0,0
BRDA:127,12,1,0
BRDA:134,13,0,0
BRDA:134,13,1,0
BRDA:145,14,0,0
BRDA:145,14,1,0
BRDA:160,15,0,0
BRDA:160,15,1,0
BRDA:175,16,0,0
BRDA:175,16,1,0
BRDA:192,17,0,0
BRDA:192,17,1,0
BRDA:192,17,2,0
BRDA:199,18,0,0
BRDA:199,18,1,0
BRDA:216,19,0,0
BRDA:216,19,1,0
BRDA:218,20,0,0
BRDA:218,20,1,0
BRF:41
BRH:0
end_of_record
TN:
SF:public\src\components\CalendarGrid.jsx
FN:5,getDaysInMonth
FN:9,getFirstDayOfMonth
FN:13,formatDate
FN:17,CalendarGrid
FN:32,(anonymous_4)
FN:41,(anonymous_5)
FN:49,(anonymous_6)
FN:72,(anonymous_7)
FN:76,(anonymous_8)
FN:79,(anonymous_9)
FN:86,(anonymous_10)
FN:98,(anonymous_11)
FN:110,(anonymous_12)
FN:120,(anonymous_13)
FN:134,(anonymous_14)
FN:152,(anonymous_15)
FN:155,(anonymous_16)
FNF:17
FNH:0
FNDA:0,getDaysInMonth
FNDA:0,getFirstDayOfMonth
FNDA:0,formatDate
FNDA:0,CalendarGrid
FNDA:0,(anonymous_4)
FNDA:0,(anonymous_5)
FNDA:0,(anonymous_6)
FNDA:0,(anonymous_7)
FNDA:0,(anonymous_8)
FNDA:0,(anonymous_9)
FNDA:0,(anonymous_10)
FNDA:0,(anonymous_11)
FNDA:0,(anonymous_12)
FNDA:0,(anonymous_13)
FNDA:0,(anonymous_14)
FNDA:0,(anonymous_15)
FNDA:0,(anonymous_16)
DA:6,0
DA:10,0
DA:14,0
DA:25,0
DA:32,0
DA:33,0
DA:41,0
DA:42,0
DA:49,0
DA:50,0
DA:51,0
DA:52,0
DA:55,0
DA:56,0
DA:60,0
DA:61,0
DA:66,0
DA:69,0
DA:72,0
DA:73,0
DA:75,0
DA:76,0
DA:79,0
DA:80,0
DA:82,0
DA:83,0
DA:86,0
DA:87,0
DA:88,0
DA:89,0
DA:92,0
DA:94,0
DA:99,0
DA:111,0
DA:113,0
DA:115,0
DA:117,0
DA:121,0
DA:125,0
DA:134,0
DA:153,0
DA:156,0
LF:42
LH:0
BRDA:23,0,0,0
BRDA:73,1,0,0
BRDA:73,1,1,0
BRDA:80,2,0,0
BRDA:80,2,1,0
BRDA:80,3,0,0
BRDA:80,3,1,0
BRDA:87,4,0,0
BRDA:87,4,1,0
BRDA:111,5,0,0
BRDA:111,5,1,0
BRDA:113,6,0,0
BRDA:113,6,1,0
BRDA:115,7,0,0
BRDA:115,7,1,0
BRDA:117,8,0,0
BRDA:117,8,1,0
BRDA:117,8,2,0
BRDA:121,9,0,0
BRDA:121,9,1,0
BRDA:130,10,0,0
BRDA:130,10,1,0
BRDA:131,11,0,0
BRDA:131,11,1,0
BRDA:132,12,0,0
BRDA:132,12,1,0
BRDA:136,13,0,0
BRDA:136,13,1,0
BRDA:141,14,0,0
BRDA:141,14,1,0
BRDA:142,15,0,0
BRDA:142,15,1,0
BRDA:148,16,0,0
BRDA:148,16,1,0
BRDA:163,17,0,0
BRDA:163,17,1,0
BRDA:163,17,2,0
BRF:37
BRH:0
end_of_record
TN:
SF:public\src\components\DarkModeToggle.jsx
FN:13,DarkModeToggle
FN:16,(anonymous_1)
FNF:2
FNH:0
FNDA:0,DarkModeToggle
FNDA:0,(anonymous_1)
DA:14,0
DA:16,0
LF:2
LH:0
BRDA:13,0,0,0
BRDA:22,1,0,0
BRDA:22,1,1,0
BRDA:27,2,0,0
BRDA:27,2,1,0
BRDA:29,3,0,0
BRDA:29,3,1,0
BRDA:31,4,0,0
BRDA:31,4,1,0
BRF:9
BRH:0
end_of_record
TN:
SF:public\src\components\DeletePersonaModal.jsx
FN:18,(anonymous_0)
FN:31,(anonymous_1)
FN:39,(anonymous_2)
FN:45,(anonymous_3)
FN:52,(anonymous_4)
FN:68,(anonymous_5)
FNF:6
FNH:5
FNDA:11,(anonymous_0)
FNDA:7,(anonymous_1)
FNDA:1,(anonymous_2)
FNDA:1,(anonymous_3)
FNDA:0,(anonymous_4)
FNDA:2,(anonymous_5)
DA:18,1
DA:28,11
DA:31,11
DA:32,7
DA:35,11
DA:36,2
DA:39,9
DA:40,1
DA:41,1
DA:45,9
DA:46,1
DA:47,1
DA:48,1
DA:52,9
DA:53,0
DA:54,0
DA:55,0
DA:56,0
DA:60,9
DA:68,2
LF:20
LH:16
BRDA:23,0,0,6
BRDA:24,1,0,10
BRDA:25,2,0,10
BRDA:35,3,0,2
BRDA:35,3,1,9
BRDA:40,4,0,1
BRDA:40,4,1,0
BRDA:47,5,0,1
BRDA:47,5,1,0
BRDA:53,6,0,0
BRDA:53,6,1,0
BRDA:55,7,0,0
BRDA:55,7,1,0
BRDA:70,8,0,9
BRDA:70,8,1,8
BRDA:70,8,2,7
BRDA:93,9,0,2
BRDA:93,9,1,5
BRDA:95,10,0,2
BRDA:95,10,1,5
BRDA:108,11,0,9
BRDA:108,11,1,1
BRDA:126,12,0,9
BRDA:126,12,1,1
BRF:24
BRH:18
end_of_record
TN:
SF:public\src\components\EmptyState.jsx
FN:7,(anonymous_0)
FNF:1
FNH:0
FNDA:0,(anonymous_0)
DA:7,0
DA:8,0
LF:2
LH:0
BRF:0
BRH:0
end_of_record
TN:
SF:public\src\components\MonthNavigation.jsx
FN:3,getMonthLabel
FN:7,MonthNavigation
FNF:2
FNH:0
FNDA:0,getMonthLabel
FNDA:0,MonthNavigation
DA:4,0
DA:12,0
DA:14,0
LF:3
LH:0
BRF:0
BRH:0
end_of_record
TN:
SF:public\src\components\OfflineWarning.jsx
FN:11,OfflineWarning
FNF:1
FNH:1
FNDA:5,OfflineWarning
DA:12,5
DA:13,1
DA:16,4
LF:3
LH:3
BRDA:12,0,0,1
BRDA:12,0,1,4
BRF:2
BRH:2
end_of_record
TN:
SF:public\src\components\PersonaOnboarding.jsx
FN:19,PersonaOnboarding
FN:33,(anonymous_1)
FN:34,(anonymous_2)
FN:60,(anonymous_3)
FN:110,(anonymous_4)
FN:120,(anonymous_5)
FN:125,(anonymous_6)
FN:135,(anonymous_7)
FN:140,(anonymous_8)
FN:177,(anonymous_9)
FN:178,(anonymous_10)
FNF:11
FNH:7
FNDA:18,PersonaOnboarding
FNDA:8,(anonymous_1)
FNDA:8,(anonymous_2)
FNDA:0,(anonymous_3)
FNDA:4,(anonymous_4)
FNDA:0,(anonymous_5)
FNDA:1,(anonymous_6)
FNDA:0,(anonymous_7)
FNDA:0,(anonymous_8)
FNDA:8,(anonymous_9)
FNDA:8,(anonymous_10)
DA:20,18
DA:21,18
DA:22,18
DA:23,18
DA:24,18
DA:25,18
DA:26,18
DA:27,18
DA:28,18
DA:30,18
DA:33,18
DA:34,8
DA:35,8
DA:36,8
DA:37,8
DA:39,8
DA:40,0
DA:43,8
DA:44,8
DA:45,8
DA:47,0
DA:48,0
DA:49,0
DA:51,8
DA:55,8
DA:59,18
DA:61,0
DA:64,0
DA:65,0
DA:66,0
DA:69,0
DA:70,0
DA:71,0
DA:72,0
DA:75,0
DA:76,0
DA:77,0
DA:78,0
DA:81,0
DA:82,0
DA:83,0
DA:84,0
DA:88,0
DA:89,0
DA:90,0
DA:91,0
DA:95,0
DA:100,0
DA:101,0
DA:104,0
DA:110,18
DA:111,4
DA:112,4
DA:115,4
DA:116,0
DA:120,4
DA:121,0
DA:125,18
DA:126,1
DA:127,1
DA:130,1
DA:131,0
DA:135,1
DA:136,0
DA:140,18
DA:141,0
DA:144,0
DA:150,0
DA:151,0
DA:152,0
DA:156,0
DA:162,0
DA:163,0
DA:164,0
DA:165,0
DA:166,0
DA:173,18
DA:174,18
DA:177,18
DA:178,8
DA:179,8
DA:180,5
DA:185,18
LF:83
LH:40
BRDA:39,0,0,0
BRDA:39,0,1,8
BRDA:44,1,0,8
BRDA:44,1,1,0
BRDA:69,2,0,0
BRDA:69,2,1,0
BRDA:69,3,0,0
BRDA:69,3,1,0
BRDA:75,4,0,0
BRDA:75,4,1,0
BRDA:81,5,0,0
BRDA:81,5,1,0
BRDA:88,6,0,0
BRDA:88,6,1,0
BRDA:100,7,0,0
BRDA:100,7,1,0
BRDA:115,8,0,0
BRDA:115,8,1,4
BRDA:130,9,0,0
BRDA:130,9,1,1
BRDA:150,10,0,0
BRDA:150,10,1,0
BRDA:173,11,0,18
BRDA:173,11,1,18
BRDA:173,11,2,18
BRDA:174,12,0,18
BRDA:174,12,1,8
BRDA:174,12,2,8
BRDA:179,13,0,5
BRDA:179,13,1,3
BRDA:195,14,0,18
BRDA:195,14,1,0
BRDA:195,14,2,0
BRDA:222,15,0,0
BRDA:222,15,1,18
BRDA:222,16,0,18
BRDA:222,16,1,18
BRDA:228,17,0,0
BRDA:228,17,1,18
BRDA:228,18,0,18
BRDA:228,18,1,18
BRDA:234,19,0,18
BRDA:234,19,1,0
BRDA:242,20,0,18
BRDA:242,20,1,0
BRDA:242,20,2,0
BRDA:268,21,0,0
BRDA:268,21,1,18
BRDA:277,22,0,18
BRDA:277,22,1,0
BRDA:289,23,0,0
BRDA:289,23,1,18
BRDA:294,24,0,0
BRDA:294,24,1,18
BRDA:299,25,0,0
BRDA:299,25,1,18
BRDA:302,26,0,18
BRDA:302,26,1,0
BRDA:304,27,0,0
BRDA:304,27,1,0
BRF:60
BRH:27
end_of_record
TN:
SF:public\src\components\UserLegend.jsx
FN:3,UserLegend
FN:12,(anonymous_1)
FNF:2
FNH:0
FNDA:0,UserLegend
FNDA:0,(anonymous_1)
DA:4,0
DA:5,0
DA:8,0
DA:13,0
LF:4
LH:0
BRDA:4,0,0,0
BRDA:4,0,1,0
BRF:2
BRH:0
end_of_record
TN:
SF:public\src\components\UserSelector.jsx
FN:3,UserSelector
FN:15,(anonymous_1)
FN:20,(anonymous_2)
FNF:3
FNH:0
FNDA:0,UserSelector
FNDA:0,(anonymous_1)
FNDA:0,(anonymous_2)
DA:4,0
DA:15,0
DA:21,0
LF:3
LH:0
BRF:0
BRH:0
end_of_record
TN:
SF:public\src\hooks\useAvailability.js
FN:15,detectConflicts
FN:20,(anonymous_1)
FN:49,fetchWithTimeout
FN:51,(anonymous_3)
FN:95,useAvailability
FN:116,(anonymous_5)
FN:164,(anonymous_6)
FN:167,(anonymous_7)
FN:171,(anonymous_8)
FN:180,(anonymous_9)
FN:182,(anonymous_10)
FN:194,(anonymous_11)
FN:198,(anonymous_12)
FN:215,(anonymous_13)
FN:223,(anonymous_14)
FN:247,(anonymous_15)
FN:253,(anonymous_16)
FN:262,(anonymous_17)
FN:295,(anonymous_18)
FN:304,(anonymous_19)
FN:320,(anonymous_20)
FN:349,(anonymous_21)
FN:356,(anonymous_22)
FNF:23
FNH:17
FNDA:46,detectConflicts
FNDA:4,(anonymous_1)
FNDA:46,fetchWithTimeout
FNDA:11,(anonymous_3)
FNDA:66,useAvailability
FNDA:46,(anonymous_5)
FNDA:31,(anonymous_6)
FNDA:23,(anonymous_7)
FNDA:31,(anonymous_8)
FNDA:31,(anonymous_9)
FNDA:4,(anonymous_10)
FNDA:1,(anonymous_11)
FNDA:1,(anonymous_12)
FNDA:31,(anonymous_13)
FNDA:38,(anonymous_14)
FNDA:20,(anonymous_15)
FNDA:38,(anonymous_16)
FNDA:0,(anonymous_17)
FNDA:0,(anonymous_18)
FNDA:0,(anonymous_19)
FNDA:0,(anonymous_20)
FNDA:0,(anonymous_21)
FNDA:0,(anonymous_22)
DA:5,3
DA:6,3
DA:7,3
DA:8,3
DA:9,3
DA:16,46
DA:18,46
DA:19,6
DA:21,4
DA:26,6
DA:32,0
DA:43,46
DA:50,46
DA:51,46
DA:53,46
DA:54,46
DA:58,38
DA:59,38
DA:61,8
DA:62,8
DA:96,66
DA:97,66
DA:98,66
DA:99,66
DA:100,66
DA:101,66
DA:102,66
DA:106,66
DA:107,66
DA:108,66
DA:109,66
DA:110,66
DA:111,66
DA:114,66
DA:116,66
DA:117,46
DA:119,46
DA:120,46
DA:121,46
DA:122,46
DA:125,46
DA:126,46
DA:129,38
DA:130,1
DA:132,37
DA:133,37
DA:135,9
DA:139,9
DA:140,9
DA:144,46
DA:148,46
DA:149,0
DA:152,46
DA:153,46
DA:154,46
DA:156,0
DA:157,0
DA:159,46
DA:164,66
DA:165,31
DA:167,31
DA:168,23
DA:171,31
DA:180,66
DA:182,31
DA:183,4
DA:184,4
DA:187,4
DA:188,1
DA:189,1
DA:194,31
DA:195,1
DA:198,31
DA:199,1
DA:201,1
DA:202,1
DA:206,31
DA:207,31
DA:208,31
DA:211,31
DA:212,31
DA:213,31
DA:215,31
DA:216,31
DA:217,31
DA:218,31
DA:223,66
DA:225,38
DA:226,0
DA:227,0
DA:234,38
DA:236,4
DA:237,34
DA:239,2
DA:242,32
DA:246,38
DA:247,34
DA:248,20
DA:253,38
DA:254,38
DA:255,34
DA:256,34
DA:261,66
DA:263,0
DA:265,0
DA:266,0
DA:272,0
DA:273,0
DA:278,0
DA:279,0
DA:281,0
DA:285,0
DA:286,0
DA:290,0
DA:291,0
DA:292,0
DA:293,0
DA:295,0
DA:300,0
DA:304,0
DA:305,0
DA:306,0
DA:309,0
DA:311,0
DA:312,0
DA:313,0
DA:319,66
DA:321,0
DA:322,0
DA:323,0
DA:330,0
DA:331,0
DA:336,0
DA:338,0
DA:342,0
DA:343,0
DA:347,0
DA:349,0
DA:352,0
DA:356,0
DA:357,0
DA:358,0
DA:361,0
DA:362,0
DA:363,0
DA:369,66
LF:146
LH:99
BRDA:15,0,0,0
BRDA:15,1,0,0
BRDA:21,2,0,4
BRDA:21,2,1,4
BRDA:21,2,2,4
BRDA:26,3,0,0
BRDA:26,3,1,6
BRDA:27,4,0,6
BRDA:27,4,1,4
BRDA:27,4,2,0
BRDA:27,4,3,0
BRDA:49,5,0,46
BRDA:49,6,0,46
BRDA:103,7,0,66
BRDA:103,7,1,0
BRDA:117,8,0,0
BRDA:117,8,1,46
BRDA:129,9,0,1
BRDA:129,9,1,37
BRDA:145,10,0,46
BRDA:145,10,1,23
BRDA:146,11,0,46
BRDA:146,11,1,0
BRDA:148,12,0,0
BRDA:148,12,1,46
BRDA:152,13,0,46
BRDA:152,13,1,0
BRDA:153,14,0,46
BRDA:153,14,1,0
BRDA:187,15,0,1
BRDA:187,15,1,3
BRDA:225,16,0,0
BRDA:225,16,1,38
BRDA:234,17,0,4
BRDA:234,17,1,34
BRDA:237,18,0,2
BRDA:237,18,1,32
BRDA:246,19,0,34
BRDA:246,19,1,4
BRDA:254,20,0,34
BRDA:254,20,1,4
BRDA:272,21,0,0
BRDA:272,21,1,0
BRDA:290,22,0,0
BRDA:290,22,1,0
BRDA:292,23,0,0
BRDA:292,23,1,0
BRDA:295,24,0,0
BRDA:295,24,1,0
BRDA:295,24,2,0
BRDA:330,25,0,0
BRDA:330,25,1,0
BRDA:330,26,0,0
BRDA:330,26,1,0
BRDA:349,27,0,0
BRDA:349,27,1,0
BRDA:349,27,2,0
BRF:57
BRH:29
end_of_record
TN:
SF:public\src\hooks\useClickOutside.js
FN:16,(anonymous_0)
FN:19,(anonymous_1)
FN:23,(anonymous_2)
FN:34,(anonymous_3)
FNF:4
FNH:4
FNDA:11,(anonymous_0)
FNDA:10,(anonymous_1)
FNDA:10,(anonymous_2)
FNDA:9,(anonymous_3)
DA:16,1
DA:17,11
DA:19,11
DA:20,10
DA:23,9
DA:25,10
DA:26,9
DA:31,9
DA:34,9
DA:35,9
LF:10
LH:10
BRDA:16,0,0,10
BRDA:17,1,0,10
BRDA:20,2,0,1
BRDA:20,2,1,9
BRDA:25,3,0,9
BRDA:25,3,1,1
BRDA:25,4,0,10
BRDA:25,4,1,10
BRDA:25,4,2,9
BRF:9
BRH:9
end_of_record
TN:
SF:public\src\hooks\useDarkMode.js
FN:24,(anonymous_0)
FN:32,(anonymous_1)
FN:41,(anonymous_2)
FN:42,(anonymous_3)
FN:48,(anonymous_4)
FNF:5
FNH:5
FNDA:25,(anonymous_0)
FNDA:25,(anonymous_1)
FNDA:9,(anonymous_2)
FNDA:9,(anonymous_3)
FNDA:25,(anonymous_4)
DA:24,1
DA:26,25
DA:27,25
DA:32,25
DA:33,25
DA:34,25
DA:35,25
DA:41,25
DA:42,9
DA:48,25
DA:49,25
DA:50,25
DA:55,25
LF:13
LH:13
BRDA:33,0,0,11
BRDA:33,0,1,14
BRDA:49,1,0,0
BRDA:49,1,1,25
BRDA:50,2,0,0
BRDA:50,2,1,25
BRF:6
BRH:4
end_of_record
TN:
SF:public\src\hooks\useDeletePersona.js
FN:14,(anonymous_0)
FN:19,(anonymous_1)
FN:54,(anonymous_2)
FN:72,(anonymous_3)
FNF:4
FNH:3
FNDA:8,(anonymous_0)
FNDA:4,(anonymous_1)
FNDA:3,(anonymous_2)
FNDA:0,(anonymous_3)
DA:14,1
DA:15,8
DA:16,8
DA:17,8
DA:19,8
DA:20,4
DA:21,0
DA:22,0
DA:25,4
DA:26,4
DA:27,4
DA:29,4
DA:31,4
DA:32,4
DA:39,4
DA:40,0
DA:41,0
DA:47,4
DA:50,4
DA:51,4
DA:52,4
DA:53,2
DA:54,3
DA:55,2
DA:58,0
DA:61,4
DA:62,4
DA:63,4
DA:65,0
DA:66,0
DA:67,0
DA:68,0
DA:72,8
DA:73,0
DA:74,0
DA:77,8
LF:36
LH:25
BRDA:20,0,0,0
BRDA:20,0,1,4
BRDA:20,1,0,4
BRDA:20,1,1,4
BRDA:39,2,0,0
BRDA:39,2,1,4
BRDA:42,3,0,0
BRDA:42,3,1,0
BRDA:52,4,0,2
BRDA:52,4,1,2
BRDA:66,5,0,0
BRDA:66,5,1,0
BRF:12
BRH:6
end_of_record
TN:
SF:public\src\hooks\useHydration.js
FN:24,useHydration
FN:30,(anonymous_1)
FN:48,(anonymous_2)
FN:55,(anonymous_3)
FN:71,(anonymous_4)
FN:90,(anonymous_5)
FNF:6
FNH:6
FNDA:8,useHydration
FNDA:4,(anonymous_1)
FNDA:4,(anonymous_2)
FNDA:2,(anonymous_3)
FNDA:2,(anonymous_4)
FNDA:2,(anonymous_5)
DA:30,8
DA:31,4
DA:32,4
DA:33,4
DA:34,3
DA:35,3
DA:38,0
DA:40,1
DA:43,8
DA:44,8
DA:45,8
DA:48,8
DA:49,4
DA:50,2
DA:53,2
DA:55,2
DA:56,2
DA:57,2
DA:58,2
DA:60,2
DA:62,2
DA:63,0
DA:66,2
DA:67,2
DA:71,2
DA:72,2
DA:73,2
DA:74,2
DA:76,0
DA:79,0
DA:80,0
DA:83,2
DA:87,2
DA:90,2
DA:91,2
DA:95,8
LF:36
LH:31
BRDA:26,0,0,0
BRDA:27,1,0,2
BRDA:33,2,0,3
BRDA:33,2,1,1
BRDA:49,3,0,2
BRDA:49,3,1,2
BRDA:49,4,0,4
BRDA:49,4,1,2
BRDA:62,5,0,0
BRDA:62,5,1,2
BRDA:67,6,0,2
BRDA:67,6,1,0
BRDA:67,6,2,0
BRDA:72,7,0,2
BRDA:72,7,1,0
BRF:15
BRH:10
end_of_record
TN:
SF:public\src\hooks\useIdleTimeout.js
FN:28,useIdleTimeout
FN:37,(anonymous_1)
FN:49,(anonymous_2)
FN:55,(anonymous_3)
FN:62,(anonymous_4)
FN:66,(anonymous_5)
FN:73,(anonymous_6)
FN:77,(anonymous_7)
FN:87,(anonymous_8)
FN:89,(anonymous_9)
FNF:10
FNH:10
FNDA:52,useIdleTimeout
FNDA:8,(anonymous_1)
FNDA:15,(anonymous_2)
FNDA:5,(anonymous_3)
FNDA:35,(anonymous_4)
FNDA:105,(anonymous_5)
FNDA:60,(anonymous_6)
FNDA:50,(anonymous_7)
FNDA:35,(anonymous_8)
FNDA:105,(anonymous_9)
DA:11,3
DA:29,52
DA:30,52
DA:33,52
DA:34,52
DA:37,52
DA:38,8
DA:39,8
DA:40,8
DA:43,8
DA:44,5
DA:49,52
DA:51,15
DA:52,9
DA:55,15
DA:56,5
DA:57,5
DA:62,52
DA:64,35
DA:66,35
DA:67,105
DA:73,35
DA:74,60
DA:75,60
DA:77,60
DA:79,50
DA:80,10
DA:82,40
DA:87,35
DA:89,35
DA:90,105
DA:94,35
DA:95,35
DA:96,35
DA:100,35
DA:101,1
DA:102,1
DA:107,52
LF:38
LH:38
BRDA:28,0,0,22
BRDA:43,1,0,5
BRDA:43,1,1,3
BRDA:51,2,0,9
BRDA:51,2,1,6
BRDA:79,3,0,10
BRDA:79,3,1,40
BRDA:94,4,0,35
BRDA:94,4,1,0
BRDA:100,5,0,1
BRDA:100,5,1,34
BRF:11
BRH:10
end_of_record
TN:
SF:public\src\hooks\useMediaQuery.js
FN:15,(anonymous_0)
FN:18,(anonymous_1)
FN:26,(anonymous_2)
FN:40,(anonymous_3)
FNF:4
FNH:3
FNDA:6,(anonymous_0)
FNDA:6,(anonymous_1)
FNDA:0,(anonymous_2)
FNDA:6,(anonymous_3)
DA:15,1
DA:16,6
DA:18,6
DA:20,6
DA:23,6
DA:26,6
DA:27,0
DA:32,6
DA:33,6
DA:36,0
DA:40,6
DA:41,6
DA:42,6
DA:45,0
DA:50,6
LF:15
LH:12
BRDA:32,0,0,6
BRDA:32,0,1,0
BRDA:41,1,0,6
BRDA:41,1,1,0
BRF:4
BRH:2
end_of_record
TN:
SF:public\src\utils\theme.js
FN:67,(anonymous_0)
FN:76,(anonymous_1)
FN:91,(anonymous_2)
FN:100,(anonymous_3)
FN:122,(anonymous_4)
FN:134,(anonymous_5)
FN:143,(anonymous_6)
FN:164,(anonymous_7)
FNF:8
FNH:7
FNDA:14,(anonymous_0)
FNDA:30,(anonymous_1)
FNDA:31,(anonymous_2)
FNDA:32,(anonymous_3)
FNDA:2,(anonymous_4)
FNDA:11,(anonymous_5)
FNDA:6,(anonymous_6)
FNDA:0,(anonymous_7)
DA:10,2
DA:21,2
DA:34,2
DA:48,2
DA:56,2
DA:61,2
DA:67,2
DA:68,14
DA:69,14
DA:76,2
DA:77,30
DA:79,30
DA:80,30
DA:82,12
DA:91,2
DA:92,31
DA:93,31
DA:100,2
DA:101,32
DA:103,32
DA:104,32
DA:105,15
DA:107,17
DA:114,2
DA:126,2
DA:135,11
DA:144,6
DA:145,6
DA:146,4
DA:157,2
DA:165,0
DA:172,2
DA:181,2
LF:33
LH:32
BRDA:68,0,0,0
BRDA:68,0,1,14
BRDA:77,1,0,0
BRDA:77,1,1,30
BRDA:80,2,0,18
BRDA:80,2,1,12
BRDA:82,3,0,0
BRDA:82,3,1,12
BRDA:92,4,0,0
BRDA:92,4,1,31
BRDA:101,5,0,0
BRDA:101,5,1,32
BRDA:104,6,0,15
BRDA:104,6,1,17
BRDA:145,7,0,2
BRDA:145,7,1,4
BRF:16
BRH:11
end_of_record
TN:
SF:public\src\utils\truncate.js
FN:15,(anonymous_0)
FN:53,(anonymous_1)
FN:100,(anonymous_2)
FN:119,(anonymous_3)
FN:149,(anonymous_4)
FN:164,(anonymous_5)
FN:169,(anonymous_6)
FN:178,(anonymous_7)
FNF:8
FNH:8
FNDA:34,(anonymous_0)
FNDA:3,(anonymous_1)
FNDA:3,(anonymous_2)
FNDA:22,(anonymous_3)
FNDA:8,(anonymous_4)
FNDA:13,(anonymous_5)
FNDA:13,(anonymous_6)
FNDA:5,(anonymous_7)
DA:15,1
DA:16,34
DA:17,2
DA:24,32
DA:26,32
DA:27,25
DA:35,7
DA:37,7
DA:53,1
DA:58,3
DA:59,0
DA:66,3
DA:68,3
DA:69,1
DA:77,2
DA:79,2
DA:81,2
DA:83,2
DA:100,1
DA:101,3
DA:103,3
DA:104,1
DA:107,2
DA:108,2
DA:119,1
DA:120,22
DA:122,22
DA:124,22
DA:149,1
DA:150,8
DA:151,2
DA:161,6
DA:162,6
DA:164,13
DA:165,6
DA:166,6
DA:168,6
DA:169,13
DA:171,6
DA:172,4
DA:173,4
DA:176,6
DA:178,5
LF:43
LH:42
BRDA:15,0,0,4
BRDA:16,1,0,2
BRDA:16,1,1,32
BRDA:16,2,0,34
BRDA:16,2,1,32
BRDA:18,3,0,2
BRDA:18,3,1,2
BRDA:19,4,0,2
BRDA:19,4,1,2
BRDA:26,5,0,25
BRDA:26,5,1,7
BRDA:55,6,0,0
BRDA:56,7,0,2
BRDA:58,8,0,0
BRDA:58,8,1,3
BRDA:58,9,0,3
BRDA:58,9,1,3
BRDA:60,10,0,0
BRDA:60,10,1,0
BRDA:61,11,0,0
BRDA:61,11,1,0
BRDA:68,12,0,1
BRDA:68,12,1,2
BRDA:79,13,0,1
BRDA:79,13,1,1
BRDA:100,14,0,0
BRDA:101,15,0,1
BRDA:101,16,0,2
BRDA:103,17,0,1
BRDA:103,17,1,2
BRDA:119,18,0,3
BRDA:120,19,0,21
BRDA:149,20,0,2
BRDA:149,21,0,8
BRDA:150,22,0,2
BRDA:150,22,1,6
BRDA:150,23,0,8
BRDA:150,23,1,7
BRDA:171,24,0,4
BRDA:171,24,1,2
BRF:40
BRH:33
end_of_record
TN:
SF:public\src\utils\validation.js
FN:11,isValidHexColor
FN:26,normalizePersonaName
FN:46,validatePersonaUniqueness
FNF:3
FNH:3
FNDA:28,isValidHexColor
FNDA:44,normalizePersonaName
FNDA:16,validatePersonaUniqueness
DA:12,28
DA:13,5
DA:16,23
DA:17,23
DA:27,44
DA:28,6
DA:30,38
DA:48,16
DA:49,1
DA:56,15
DA:57,1
DA:64,14
DA:65,1
DA:73,13
DA:74,13
DA:77,13
DA:78,11
DA:79,20
DA:82,20
DA:87,20
DA:91,7
DA:104,6
LF:22
LH:22
BRDA:12,0,0,5
BRDA:12,0,1,23
BRDA:12,1,0,28
BRDA:12,1,1,25
BRDA:27,2,0,6
BRDA:27,2,1,38
BRDA:27,3,0,44
BRDA:27,3,1,38
BRDA:46,4,0,1
BRDA:48,5,0,1
BRDA:48,5,1,15
BRDA:48,6,0,16
BRDA:48,6,1,15
BRDA:56,7,0,1
BRDA:56,7,1,14
BRDA:56,8,0,15
BRDA:56,8,1,14
BRDA:64,9,0,1
BRDA:64,9,1,13
BRDA:77,10,0,11
BRDA:77,10,1,2
BRDA:77,11,0,13
BRDA:77,11,1,13
BRDA:80,12,0,20
BRDA:80,12,1,3
BRDA:82,13,0,20
BRDA:82,13,1,1
BRDA:87,14,0,7
BRDA:87,14,1,13
BRDA:88,15,0,20
BRDA:88,15,1,8
BRF:31
BRH:31
end_of_record
